amor
amro
aomr
aorm
armo
arom
maor
maro
moar
mora
mrao
mroa
oamr
oarm
omar
omra
oram
orma
ramo
raom
rmao
rmoa
roam
roma
murcielago
murcielaog
murcielgao
murcielgoa
murcieloag
murcieloga
murcieoagl
murcieoalg
murcieogal
murcieogla
murcieolag
murcieolga
murcigaelo
murcigaeol
murcigaleo
murcigaloe
murcigaoel
murcigaole
murcigealo
murcigeaol
murcigelao
murcigeloa
murcigeoal
murcigeola
murciglaeo
murciglaoe
murcigleao
murcigleoa
murcigloae
murcigloea
murcigoael
murcigoale
murcigoeal
murcigoela
murcigolae
murcigolea
murcilaego
murcilaeog
murcilageo
murcilagoe
murcilaoeg
murcilaoge
murcileago
murcileaog
murcilegao
murcilegoa
murcileoag
murcileoga
murcilgaeo
murcilgaoe
murcilgeao
murcilgeoa
murcilgoae
murcilgoea
murciloaeg
murciloage
murciloeag
murciloega
murcilogae
murcilogea
murcioaegl
murcioaelg
murcioagel
murcioagle
murcioaleg
murcioalge
murcioeagl
murcioealg
murcioegal
murcioegla
murcioelag
murcioelga
murciogael
murciogale
murciogeal
murciogela
murcioglae
murcioglea
murciolaeg
murciolage
murcioleag
murciolega
murciolgae
murciolgea
murclaegio
murclaegoi
murclaeigo
murclaeiog
murclaeogi
murclaeoig
murclageio
murclageoi
murclagieo
murclagioe
murclagoei
murclagoie
murclaiego
murclaieog
murclaigeo
murclaigoe
murclaioeg
murclaioge
murclaoegi
murclaoeig
murclaogei
murclaogie
murclaoieg
murclaoige
murcleagio
murcleagoi
murcleaigo
murcleaiog
murcleaogi
murcleaoig
murclegaio
murclegaoi
murclegiao
murclegioa
murclegoai
murclegoia
murcleiago
murcleiaog
murcleigao
murcleigoa
murcleioag
murcleioga
murcleoagi
murcleoaig
murcleogai
murcleogia
murcleoiag
murcleoiga
murclgaeio
murclgaeoi
murclgaieo
murclgaioe
murclgaoei
murclgaoie
murclgeaio
murclgeaoi
murclgeiao
murclgeioa
murclgeoai
murclgeoia
murclgiaeo
murclgiaoe
murclgieao
murclgieoa
murclgioae
murclgioea
murclgoaei
murclgoaie
murclgoeai
murclgoeia
murclgoiae
murclgoiea
murcliaego
murcliaeog
murcliageo
murcliagoe
murcliaoeg
murcliaoge
murclieago
murclieaog
murcliegao
murcliegoa
murclieoag
murclieoga
murcligaeo
murcligaoe
murcligeao
murcligeoa
murcligoae
murcligoea
murclioaeg
murclioage
murclioeag
murclioega
murcliogae
murcliogea
murcloaegi
murcloaeig
murcloagei
murcloagie
murcloaieg
murcloaige
murcloeagi
murcloeaig
murcloegai
murcloegia
murcloeiag
murcloeiga
murclogaei
murclogaie
murclogeai
murclogeia
murclogiae
murclogiea
murcloiaeg
murcloiage
murcloieag
murcloiega
murcloigae
murcloigea
murcoaegil
murcoaegli
murcoaeigl
murcoaeilg
murcoaelgi
murcoaelig
murcoageil
murcoageli
murcoagiel
murcoagile
murcoaglei
murcoaglie
murcoaiegl
murcoaielg
murcoaigel
murcoaigle
murcoaileg
murcoailge
murcoalegi
murcoaleig
murcoalgei
murcoalgie
murcoalieg
murcoalige
murcoeagil
murcoeagli
murcoeaigl
murcoeailg
murcoealgi
murcoealig
murcoegail
murcoegali
murcoegial
murcoegila
murcoeglai
murcoeglia
murcoeiagl
murcoeialg
murcoeigal
murcoeigla
murcoeilag
murcoeilga
murcoelagi
murcoelaig
murcoelgai
murcoelgia
murcoeliag
murcoeliga
murcogaeil
murcogaeli
murcogaiel
murcogaile
murcogalei
murcogalie
murcogeail
murcogeali
murcogeial
murcogeila
murcogelai
murcogelia
murcogiael
murcogiale
murcogieal
murcogiela
murcogilae
murcogilea
murcoglaei
murcoglaie
murcogleai
murcogleia
murcogliae
murcogliea
murcoiaegl
murcoiaelg
murcoiagel
murcoiagle
murcoialeg
murcoialge
murcoieagl
murcoiealg
murcoiegal
murcoiegla
murcoielag
murcoielga
murcoigael
murcoigale
murcoigeal
murcoigela
murcoiglae
murcoiglea
murcoilaeg
murcoilage
murcoileag
murcoilega
murcoilgae
murcoilgea
murcolaegi
murcolaeig
murcolagei
murcolagie
murcolaieg
murcolaige
murcoleagi
murcoleaig
murcolegai
murcolegia
murcoleiag
murcoleiga
murcolgaei
murcolgaie
murcolgeai
murcolgeia
murcolgiae
murcolgiea
murcoliaeg
murcoliage
murcolieag
murcoliega
murcoligae
murcoligea
mureacgilo
mureacgiol
mureacglio
mureacgloi
mureacgoil
mureacgoli
mureaciglo
mureacigol
mureacilgo
mureacilog
mureaciogl
mureaciolg
mureaclgio
mureaclgoi
mureacligo
mureacliog
mureaclogi
mureacloig
mureacogil
mureacogli
mureacoigl
mureacoilg
mureacolgi
mureacolig
mureagcilo
mureagciol
mureagclio
mureagcloi
mureagcoil
mureagcoli
mureagiclo
mureagicol
mureagilco
mureagiloc
mureagiocl
mureagiolc
mureaglcio
mureaglcoi
mureaglico
mureaglioc
mureagloci
mureagloic
mureagocil
mureagocli
mureagoicl
mureagoilc
mureagolci
mureagolic
mureaicglo
mureaicgol
mureaiclgo
mureaiclog
mureaicogl
mureaicolg
mureaigclo
mureaigcol
mureaiglco
mureaigloc
mureaigocl
mureaigolc
mureailcgo
mureailcog
mureailgco
mureailgoc
mureailocg
mureailogc
mureaiocgl
mureaioclg
mureaiogcl
mureaioglc
mureaiolcg
mureaiolgc
murealcgio
murealcgoi
murealcigo
murealciog
murealcogi
murealcoig
murealgcio
murealgcoi
murealgico
murealgioc
murealgoci
murealgoic
murealicgo
murealicog
murealigco
murealigoc
murealiocg
murealiogc
murealocgi
murealocig
murealogci
murealogic
murealoicg
murealoigc
mureaocgil
mureaocgli
mureaocigl
mureaocilg
mureaoclgi
mureaoclig
mureaogcil
mureaogcli
mureaogicl
mureaogilc
mureaoglci
mureaoglic
mureaoicgl
mureaoiclg
mureaoigcl
mureaoiglc
mureaoilcg
mureaoilgc
mureaolcgi
mureaolcig
mureaolgci
mureaolgic
mureaolicg
mureaoligc
murecagilo
murecagiol
murecaglio
murecagloi
murecagoil
murecagoli
murecaiglo
murecaigol
murecailgo
murecailog
murecaiogl
murecaiolg
murecalgio
murecalgoi
murecaligo
murecaliog
murecalogi
murecaloig
murecaogil
murecaogli
murecaoigl
murecaoilg
murecaolgi
murecaolig
murecgailo
murecgaiol
murecgalio
murecgaloi
murecgaoil
murecgaoli
murecgialo
murecgiaol
murecgilao
murecgiloa
murecgioal
murecgiola
murecglaio
murecglaoi
murecgliao
murecglioa
murecgloai
murecgloia
murecgoail
murecgoali
murecgoial
murecgoila
murecgolai
murecgolia
mureciaglo
mureciagol
murecialgo
murecialog
mureciaogl
mureciaolg
murecigalo
murecigaol
mureciglao
murecigloa
murecigoal
murecigola
murecilago
murecilaog
murecilgao
murecilgoa
mureciloag
mureciloga
murecioagl
murecioalg
mureciogal
mureciogla
mureciolag
mureciolga
mureclagio
mureclagoi
mureclaigo
mureclaiog
mureclaogi
mureclaoig
mureclgaio
mureclgaoi
mureclgiao
mureclgioa
mureclgoai
mureclgoia
murecliago
murecliaog
murecligao
murecligoa
mureclioag
mureclioga
murecloagi
murecloaig
mureclogai
mureclogia
murecloiag
murecloiga
murecoagil
murecoagli
murecoaigl
murecoailg
murecoalgi
murecoalig
murecogail
murecogali
murecogial
murecogila
murecoglai
murecoglia
murecoiagl
murecoialg
murecoigal
murecoigla
murecoilag
murecoilga
murecolagi
murecolaig
murecolgai
murecolgia
murecoliag
murecoliga
muregacilo
muregaciol
muregaclio
muregacloi
muregacoil
muregacoli
muregaiclo
muregaicol
muregailco
muregailoc
muregaiocl
muregaiolc
muregalcio
muregalcoi
muregalico
muregalioc
muregaloci
muregaloic
muregaocil
muregaocli
muregaoicl
muregaoilc
muregaolci
muregaolic
muregcailo
muregcaiol
muregcalio
muregcaloi
muregcaoil
muregcaoli
muregcialo
muregciaol
muregcilao
muregciloa
muregcioal
muregciola
muregclaio
muregclaoi
muregcliao
muregclioa
muregcloai
muregcloia
muregcoail
muregcoali
muregcoial
muregcoila
muregcolai
muregcolia
muregiaclo
muregiacol
muregialco
muregialoc
muregiaocl
muregiaolc
muregicalo
muregicaol
muregiclao
muregicloa
muregicoal
muregicola
muregilaco
muregilaoc
muregilcao
muregilcoa
muregiloac
muregiloca
muregioacl
muregioalc
muregiocal
muregiocla
muregiolac
muregiolca
mureglacio
mureglacoi
mureglaico
mureglaioc
mureglaoci
mureglaoic
mureglcaio
mureglcaoi
mureglciao
mureglcioa
mureglcoai
mureglcoia
muregliaco
muregliaoc
mureglicao
mureglicoa
mureglioac
mureglioca
muregloaci
muregloaic
mureglocai
mureglocia
muregloiac
muregloica
muregoacil
muregoacli
muregoaicl
muregoailc
muregoalci
muregoalic
muregocail
muregocali
muregocial
muregocila
muregoclai
muregoclia
muregoiacl
muregoialc
muregoical
muregoicla
muregoilac
muregoilca
muregolaci
muregolaic
muregolcai
muregolcia
muregoliac
muregolica
mureiacglo
mureiacgol
mureiaclgo
mureiaclog
mureiacogl
mureiacolg
mureiagclo
mureiagcol
mureiaglco
mureiagloc
mureiagocl
mureiagolc
mureialcgo
mureialcog
mureialgco
mureialgoc
mureialocg
mureialogc
mureiaocgl
mureiaoclg
mureiaogcl
mureiaoglc
mureiaolcg
mureiaolgc
mureicaglo
mureicagol
mureicalgo
mureicalog
mureicaogl
mureicaolg
mureicgalo
mureicgaol
mureicglao
mureicgloa
mureicgoal
mureicgola
mureiclago
mureiclaog
mureiclgao
mureiclgoa
mureicloag
mureicloga
mureicoagl
mureicoalg
mureicogal
mureicogla
mureicolag
mureicolga
mureigaclo
mureigacol
mureigalco
mureigaloc
mureigaocl
mureigaolc
mureigcalo
mureigcaol
mureigclao
mureigcloa
mureigcoal
mureigcola
mureiglaco
mureiglaoc
mureiglcao
mureiglcoa
mureigloac
mureigloca
mureigoacl
mureigoalc
mureigocal
mureigocla
mureigolac
mureigolca
mureilacgo
mureilacog
mureilagco
mureilagoc
mureilaocg
mureilaogc
mureilcago
mureilcaog
mureilcgao
mureilcgoa
mureilcoag
mureilcoga
mureilgaco
mureilgaoc
mureilgcao
mureilgcoa
mureilgoac
mureilgoca
mureiloacg
mureiloagc
mureilocag
mureilocga
mureilogac
mureilogca
mureioacgl
mureioaclg
mureioagcl
mureioaglc
mureioalcg
mureioalgc
mureiocagl
mureiocalg
mureiocgal
mureiocgla
mureioclag
mureioclga
mureiogacl
mureiogalc
mureiogcal
mureiogcla
mureioglac
mureioglca
mureiolacg
mureiolagc
mureiolcag
mureiolcga
mureiolgac
mureiolgca
murelacgio
murelacgoi
murelacigo
murelaciog
murelacogi
murelacoig
murelagcio
murelagcoi
murelagico
murelagioc
murelagoci
murelagoic
murelaicgo
murelaicog
murelaigco
murelaigoc
murelaiocg
murelaiogc
murelaocgi
murelaocig
murelaogci
murelaogic
murelaoicg
murelaoigc
murelcagio
murelcagoi
murelcaigo
murelcaiog
murelcaogi
murelcaoig
murelcgaio
murelcgaoi
murelcgiao
murelcgioa
murelcgoai
murelcgoia
murelciago
murelciaog
murelcigao
murelcigoa
murelcioag
murelcioga
murelcoagi
murelcoaig
murelcogai
murelcogia
murelcoiag
murelcoiga
murelgacio
murelgacoi
murelgaico
murelgaioc
murelgaoci
murelgaoic
murelgcaio
murelgcaoi
murelgciao
murelgcioa
murelgcoai
murelgcoia
murelgiaco
murelgiaoc
murelgicao
murelgicoa
murelgioac
murelgioca
murelgoaci
murelgoaic
murelgocai
murelgocia
murelgoiac
murelgoica
mureliacgo
mureliacog
mureliagco
mureliagoc
mureliaocg
mureliaogc
murelicago
murelicaog
murelicgao
murelicgoa
murelicoag
murelicoga
mureligaco
mureligaoc
mureligcao
mureligcoa
mureligoac
mureligoca
murelioacg
murelioagc
mureliocag
mureliocga
mureliogac
mureliogca
mureloacgi
mureloacig
mureloagci
mureloagic
mureloaicg
mureloaigc
murelocagi
murelocaig
murelocgai
murelocgia
murelociag
murelociga
murelogaci
murelogaic
murelogcai
murelogcia
murelogiac
murelogica
mureloiacg
mureloiagc
mureloicag
mureloicga
mureloigac
mureloigca
mureoacgil
mureoacgli
mureoacigl
mureoacilg
mureoaclgi
mureoaclig
mureoagcil
mureoagcli
mureoagicl
mureoagilc
mureoaglci
mureoaglic
mureoaicgl
mureoaiclg
mureoaigcl
mureoaiglc
mureoailcg
mureoailgc
mureoalcgi
mureoalcig
mureoalgci
mureoalgic
mureoalicg
mureoaligc
mureocagil
mureocagli
mureocaigl
mureocailg
mureocalgi
mureocalig
mureocgail
mureocgali
mureocgial
mureocgila
mureocglai
mureocglia
mureociagl
mureocialg
mureocigal
mureocigla
mureocilag
mureocilga
mureoclagi
mureoclaig
mureoclgai
mureoclgia
mureocliag
mureocliga
mureogacil
mureogacli
mureogaicl
mureogailc
mureogalci
mureogalic
mureogcail
mureogcali
mureogcial
mureogcila
mureogclai
mureogclia
mureogiacl
mureogialc
mureogical
mureogicla
mureogilac
mureogilca
mureoglaci
mureoglaic
mureoglcai
mureoglcia
mureogliac
mureoglica
mureoiacgl
mureoiaclg
mureoiagcl
mureoiaglc
dabale : arroz : a : la : zorra : el : abad : 
dabale : arroz : a : zorra : abad : el : la : 
dabale : arroz : a : zorra : abad : la : el : 
dabale : arroz : a : zorra : el : abad : la : 
dabale : arroz : a : zorra : el : la : abad : 
dabale : arroz : a : zorra : la : abad : el : 
dabale : arroz : a : zorra : la : el : abad : 
dabale : arroz : abad : a : el : la : zorra : 
dabale : arroz : abad : a : el : zorra : la : 
dabale : arroz : abad : a : la : el : zorra : 
dabale : arroz : abad : a : la : zorra : el : 
dabale : arroz : abad : a : zorra : el : la : 
dabale : arroz : abad : a : zorra : la : el : 
dabale : arroz : abad : el : a : la : zorra : 
dabale : arroz : abad : el : a : zorra : la : 
dabale : arroz : abad : el : la : a : zorra : 
dabale : arroz : abad : el : la : zorra : a : 
dabale : arroz : abad : el : zorra : a : la : 
dabale : arroz : abad : el : zorra : la : a : 
dabale : arroz : abad : la : a : el : zorra : 
dabale : arroz : abad : la : a : zorra : el : 
dabale : arroz : abad : la : el : a : zorra : 
dabale : arroz : abad : la : el : zorra : a : 
dabale : arroz : abad : la : zorra : a : el : 
dabale : arroz : abad : la : zorra : el : a : 
dabale : arroz : abad : zorra : a : el : la : 
dabale : arroz : abad : zorra : a : la : el : 
dabale : arroz : abad : zorra : el : a : la : 
dabale : arroz : abad : zorra : el : la : a : 
dabale : arroz : abad : zorra : la : a : el : 
dabale : arroz : abad : zorra : la : el : a : 
dabale : arroz : el : a : abad : la : zorra : 
dabale : arroz : el : a : abad : zorra : la : 
dabale : arroz : el : a : la : abad : zorra : 
dabale : arroz : el : a : la : zorra : abad : 
dabale : arroz : el : a : zorra : abad : la : 
dabale : arroz : el : a : zorra : la : abad : 
dabale : arroz : el : abad : a : la : zorra : 
dabale : arroz : el : abad : a : zorra : la : 
dabale : arroz : el : abad : la : a : zorra : 
dabale : arroz : el : abad : la : zorra : a : 
dabale : arroz : el : abad : zorra : a : la : 
dabale : arroz : el : abad : zorra : la : a : 
dabale : arroz : el : la : a : abad : zorra : 
dabale : arroz : el : la : a : zorra : abad : 
dabale : arroz : el : la : abad : a : zorra : 
dabale : arroz : el : la : abad : zorra : a : 
dabale : arroz : el : la : zorra : a : abad : 
dabale : arroz : el : la : zorra : abad : a : 
dabale : arroz : el : zorra : a : abad : la : 
dabale : arroz : el : zorra : a : la : abad : 
dabale : arroz : el : zorra : abad : a : la : 
dabale : arroz : el : zorra : abad : la : a : 
dabale : arroz : el : zorra : la : a : abad : 
dabale : arroz : el : zorra : la : abad : a : 
dabale : arroz : la : a : abad : el : zorra : 
dabale : arroz : la : a : abad : zorra : el : 
dabale : arroz : la : a : el : abad : zorra : 
dabale : arroz : la : a : el : zorra : abad : 
dabale : arroz : la : a : zorra : abad : el : 
dabale : arroz : la : a : zorra : el : abad : 
dabale : arroz : la : abad : a : el : zorra : 
dabale : arroz : la : abad : a : zorra : el : 
dabale : arroz : la : abad : el : a : zorra : 
dabale : arroz : la : abad : el : zorra : a : 
dabale : arroz : la : abad : zorra : a : el : 
dabale : arroz : la : abad : zorra : el : a : 
dabale : arroz : la : el : a : abad : zorra : 
dabale : arroz : la : el : a : zorra : abad : 
dabale : arroz : la : el : abad : a : zorra : 
dabale : arroz : la : el : abad : zorra : a : 
dabale : arroz : la : el : zorra : a : abad : 
dabale : arroz : la : el : zorra : abad : a : 
dabale : arroz : la : zorra : a : abad : el : 
dabale : arroz : la : zorra : a : el : abad : 
dabale : arroz : la : zorra : abad : a : el : 
dabale : arroz : la : zorra : abad : el : a : 
dabale : arroz : la : zorra : el : a : abad : 
dabale : arroz : la : zorra : el : abad : a : 
dabale : arroz : zorra : a : abad : el : la : 
dabale : arroz : zorra : a : abad : la : el : 
dabale : arroz : zorra : a : el : abad : la : 
dabale : arroz : zorra : a : el : la : abad : 
dabale : arroz : zorra : a : la : abad : el : 
dabale : arroz : zorra : a : la : el : abad : 
dabale : arroz : zorra : abad : a : el : la : 
dabale : arroz : zorra : abad : a : la : el : 
dabale : arroz : zorra : abad : el : a : la : 
dabale : arroz : zorra : abad : el : la : a : 
dabale : arroz : zorra : abad : la : a : el : 
dabale : arroz : zorra : abad : la : el : a : 
dabale : arroz : zorra : el : a : abad : la : 
dabale : arroz : zorra : el : a : la : abad : 
dabale : arroz : zorra : el : abad : a : la : 
dabale : arroz : zorra : el : abad : la : a : 
dabale : arroz : zorra : el : la : a : abad : 
dabale : arroz : zorra : el : la : abad : a : 
dabale : arroz : zorra : la : a : abad : el : 
dabale : arroz : zorra : la : a : el : abad : 
dabale : arroz : zorra : la : abad : a : el : 
dabale : arroz : zorra : la : abad : el : a : 
dabale : arroz : zorra : la : el : a : abad : 
dabale : arroz : zorra : la : el : abad : a : 
dabale : el : a : abad : arroz : la : zorra : 
dabale : el : a : abad : arroz : zorra : la : 
dabale : el : a : abad : la : arroz : zorra : 
dabale : el : a : abad : la : zorra : arroz : 
dabale : el : a : abad : zorra : arroz : la : 
dabale : el : a : abad : zorra : la : arroz : 
dabale : el : a : arroz : abad : la : zorra : 
dabale : el : a : arroz : abad : zorra : la : 
dabale : el : a : arroz : la : abad : zorra : 
dabale : el : a : arroz : la : zorra : abad : 
dabale : el : a : arroz : zorra : abad : la : 
dabale : el : a : arroz : zorra : la : abad : 
dabale : el : a : la : abad : arroz : zorra : 
dabale : el : a : la : abad : zorra : arroz : 
dabale : el : a : la : arroz : abad : zorra : 
dabale : el : a : la : arroz : zorra : abad : 
dabale : el : a : la : zorra : abad : arroz : 
dabale : el : a : la : zorra : arroz : abad : 
dabale : el : a : zorra : abad : arroz : la : 
dabale : el : a : zorra : abad : la : arroz : 
dabale : el : a : zorra : arroz : abad : la : 
dabale : el : a : zorra : arroz : la : abad : 
dabale : el : a : zorra : la : abad : arroz : 
dabale : el : a : zorra : la : arroz : abad : 
dabale : el : abad : a : arroz : la : zorra : 
dabale : el : abad : a : arroz : zorra : la : 
dabale : el : abad : a : la : arroz : zorra : 
dabale : el : abad : a : la : zorra : arroz : 
dabale : el : abad : a : zorra : arroz : la : 
dabale : el : abad : a : zorra : la : arroz : 
dabale : el : abad : arroz : a : la : zorra : 
dabale : el : abad : arroz : a : zorra : la : 
dabale : el : abad : arroz : la : a : zorra : 
dabale : el : abad : arroz : la : zorra : a : 
dabale : el : abad : arroz : zorra : a : la : 
dabale : el : abad : arroz : zorra : la : a : 
dabale : el : abad : la : a : arroz : zorra : 
dabale : el : abad : la : a : zorra : arroz : 
dabale : el : abad : la : arroz : a : zorra : 
dabale : el : abad : la : arroz : zorra : a : 
dabale : el : abad : la : zorra : a : arroz : 
dabale : el : abad : la : zorra : arroz : a : 
dabale : el : abad : zorra : a : arroz : la : 
dabale : el : abad : zorra : a : la : arroz : 
dabale : el : abad : zorra : arroz : a : la : 
dabale : el : abad : zorra : arroz : la : a : 
dabale : el : abad : zorra : la : a : arroz : 
dabale : el : abad : zorra : la : arroz : a : 
dabale : el : arroz : a : abad : la : zorra : 
dabale : el : arroz : a : abad : zorra : la : 
dabale : el : arroz : a : la : abad : zorra : 
dabale : el : arroz : a : la : zorra : abad : 
dabale : el : arroz : a : zorra : abad : la : 
dabale : el : arroz : a : zorra : la : abad : 
dabale : el : arroz : abad : a : la : zorra : 
dabale : el : arroz : abad : a : zorra : la : 
dabale : el : arroz : abad : la : a : zorra : 
dabale : el : arroz : abad : la : zorra : a : 
dabale : el : arroz : abad : zorra : a : la : 
dabale : el : arroz : abad : zorra : la : a : 
dabale : el : arroz : la : a : abad : zorra : 
dabale : el : arroz : la : a : zorra : abad : 
dabale : el : arroz : la : abad : a : zorra : 
dabale : el : arroz : la : abad : zorra : a : 
dabale : el : arroz : la : zorra : a : abad : 
dabale : el : arroz : la : zorra : abad : a : 
dabale : el : arroz : zorra : a : abad : la : 
dabale : el : arroz : zorra : a : la : abad : 
dabale : el : arroz : zorra : abad : a : la : 
dabale : el : arroz : zorra : abad : la : a : 
dabale : el : arroz : zorra : la : a : abad : 
dabale : el : arroz : zorra : la : abad : a : 
dabale : el : la : a : abad : arroz : zorra : 
dabale : el : la : a : abad : zorra : arroz : 
dabale : el : la : a : arroz : abad : zorra : 
dabale : el : la : a : arroz : zorra : abad : 
dabale : el : la : a : zorra : abad : arroz : 
dabale : el : la : a : zorra : arroz : abad : 
dabale : el : la : abad : a : arroz : zorra : 
dabale : el : la : abad : a : zorra : arroz : 
dabale : el : la : abad : arroz : a : zorra : 
dabale : el : la : abad : arroz : zorra : a : 
dabale : el : la : abad : zorra : a : arroz : 
dabale : el : la : abad : zorra : arroz : a : 
dabale : el : la : arroz : a : abad : zorra : 
dabale : el : la : arroz : a : zorra : abad : 
dabale : el : la : arroz : abad : a : zorra : 
dabale : el : la : arroz : abad : zorra : a : 
dabale : el : la : arroz : zorra : a : abad : 
dabale : el : la : arroz : zorra : abad : a : 
dabale : el : la : zorra : a : abad : arroz : 
dabale : el : la : zorra : a : arroz : abad : 
dabale : el : la : zorra : abad : a : arroz : 
dabale : el : la : zorra : abad : arroz : a : 
dabale : el : la : zorra : arroz : a : abad : 
dabale : el : la : zorra : arroz : abad : a : 
dabale : el : zorra : a : abad : arroz : la : 
dabale : el : zorra : a : abad : la : arroz : 
dabale : el : zorra : a : arroz : abad : la : 
dabale : el : zorra : a : arroz : la : abad : 
dabale : el : zorra : a : la : abad : arroz : 
dabale : el : zorra : a : la : arroz : abad : 
dabale : el : zorra : abad : a : arroz : la : 
dabale : el : zorra : abad : a : la : arroz : 
dabale : el : zorra : abad : arroz : a : la : 
dabale : el : zorra : abad : arroz : la : a : 
dabale : el : zorra : abad : la : a : arroz : 
dabale : el : zorra : abad : la : arroz : a : 
dabale : el : zorra : arroz : a : abad : la : 
dabale : el : zorra : arroz : a : la : abad : 
dabale : el : zorra : arroz : abad : a : la : 
dabale : el : zorra : arroz : abad : la : a : 
dabale : el : zorra : arroz : la : a : abad : 
dabale : el : zorra : arroz : la : abad : a : 
dabale : el : zorra : la : a : abad : arroz : 
dabale : el : zorra : la : a : arroz : abad : 
dabale : el : zorra : la : abad : a : arroz : 
dabale : el : zorra : la : abad : arroz : a : 
dabale : el : zorra : la : arroz : a : abad : 
dabale : el : zorra : la : arroz : abad : a : 
dabale : la : a : abad : arroz : el : zorra : 
dabale : la : a : abad : arroz : zorra : el : 
dabale : la : a : abad : el : arroz : zorra : 
dabale : la : a : abad : el : zorra : arroz : 
dabale : la : a : abad : zorra : arroz : el : 
dabale : la : a : abad : zorra : el : arroz : 
dabale : la : a : arroz : abad : el : zorra : 
dabale : la : a : arroz : abad : zorra : el : 
dabale : la : a : arroz : el : abad : zorra : 
dabale : la : a : arroz : el : zorra : abad : 
dabale : la : a : arroz : zorra : abad : el : 
dabale : la : a : arroz : zorra : el : abad : 
dabale : la : a : el : abad : arroz : zorra : 
dabale : la : a : el : abad : zorra : arroz : 
dabale : la : a : el : arroz : abad : zorra : 
dabale : la : a : el : arroz : zorra : abad : 
dabale : la : a : el : zorra : abad : arroz : 
dabale : la : a : el : zorra : arroz : abad : 
dabale : la : a : zorra : abad : arroz : el : 
dabale : la : a : zorra : abad : el : arroz : 
dabale : la : a : zorra : arroz : abad : el : 
dabale : la : a : zorra : arroz : el : abad : 
dabale : la : a : zorra : el : abad : arroz : 
dabale : la : a : zorra : el : arroz : abad : 
dabale : la : abad : a : arroz : el : zorra : 
dabale : la : abad : a : arroz : zorra : el : 
dabale : la : abad : a : el : arroz : zorra : 
dabale : la : abad : a : el : zorra : arroz : 
dabale : la : abad : a : zorra : arroz : el : 
dabale : la : abad : a : zorra : el : arroz : 
dabale : la : abad : arroz : a : el : zorra : 
dabale : la : abad : arroz : a : zorra : el : 
dabale : la : abad : arroz : el : a : zorra : 
dabale : la : abad : arroz : el : zorra : a : 
dabale : la : abad : arroz : zorra : a : el : 
dabale : la : abad : arroz : zorra : el : a : 
dabale : la : abad : el : a : arroz : zorra : 
dabale : la : abad : el : a : zorra : arroz : 
dabale : la : abad : el : arroz : a : zorra : 
dabale : la : abad : el : arroz : zorra : a : 
dabale : la : abad : el : zorra : a : arroz : 
dabale : la : abad : el : zorra : arroz : a : 
dabale : la : abad : zorra : a : arroz : el : 
dabale : la : abad : zorra : a : el : arroz : 
dabale : la : abad : zorra : arroz : a : el : 
dabale : la : abad : zorra : arroz : el : a : 
dabale : la : abad : zorra : el : a : arroz : 
dabale : la : abad : zorra : el : arroz : a : 
dabale : la : arroz : a : abad : el : zorra : 
dabale : la : arroz : a : abad : zorra : el : 
dabale : la : arroz : a : el : abad : zorra : 
dabale : la : arroz : a : el : zorra : abad : 
dabale : la : arroz : a : zorra : abad : el : 
dabale : la : arroz : a : zorra : el : abad : 
dabale : la : arroz : abad : a : el : zorra : 
dabale : la : arroz : abad : a : zorra : el : 
dabale : la : arroz : abad : el : a : zorra : 
dabale : la : arroz : abad : el : zorra : a : 
dabale : la : arroz : abad : zorra : a : el : 
dabale : la : arroz : abad : zorra : el : a : 
dabale : la : arroz : el : a : abad : zorra : 
dabale : la : arroz : el : a : zorra : abad : 
dabale : la : arroz : el : abad : a : zorra : 
dabale : la : arroz : el : abad : zorra : a : 
dabale : la : arroz : el : zorra : a : abad : 
dabale : la : arroz : el : zorra : abad : a : 
dabale : la : arroz : zorra : a : abad : el : 
dabale : la : arroz : zorra : a : el : abad : 
dabale : la : arroz : zorra : abad : a : el : 
dabale : la : arroz : zorra : abad : el : a : 
dabale : la : arroz : zorra : el : a : abad : 
dabale : la : arroz : zorra : el : abad : a : 
dabale : la : el : a : abad : arroz : zorra : 
dabale : la : el : a : abad : zorra : arroz : 
dabale : la : el : a : arroz : abad : zorra : 
dabale : la : el : a : arroz : zorra : abad : 
dabale : la : el : a : zorra : abad : arroz : 
dabale : la : el : a : zorra : arroz : abad : 
dabale : la : el : abad : a : arroz : zorra : 
dabale : la : el : abad : a : zorra : arroz : 
dabale : la : el : abad : arroz : a : zorra : 
dabale : la : el : abad : arroz : zorra : a : 
dabale : la : el : abad : zorra : a : arroz : 
dabale : la : el : abad : zorra : arroz : a : 
dabale : la : el : arroz : a : abad : zorra : 
dabale : la : el : arroz : a : zorra : abad : 
dabale : la : el : arroz : abad : a : zorra : 
dabale : la : el : arroz : abad : zorra : a : 
dabale : la : el : arroz : zorra : a : abad : 
dabale : la : el : arroz : zorra : abad : a : 
dabale : la : el : zorra : a : abad : arroz : 
dabale : la : el : zorra : a : arroz : abad : 
dabale : la : el : zorra : abad : a : arroz : 
dabale : la : el : zorra : abad : arroz : a : 
dabale : la : el : zorra : arroz : a : abad : 
dabale : la : el : zorra : arroz : abad : a : 
dabale : la : zorra : a : abad : arroz : el : 
dabale : la : zorra : a : abad : el : arroz : 
dabale : la : zorra : a : arroz : abad : el : 
dabale : la : zorra : a : arroz : el : abad : 
dabale : la : zorra : a : el : abad : arroz : 
dabale : la : zorra : a : el : arroz : abad : 
dabale : la : zorra : abad : a : arroz : el : 
dabale : la : zorra : abad : a : el : arroz : 
dabale : la : zorra : abad : arroz : a : el : 
dabale : la : zorra : abad : arroz : el : a : 
dabale : la : zorra : abad : el : a : arroz : 
dabale : la : zorra : abad : el : arroz : a : 
dabale : la : zorra : arroz : a : abad : el : 
dabale : la : zorra : arroz : a : el : abad : 
dabale : la : zorra : arroz : abad : a : el : 
dabale : la : zorra : arroz : abad : el : a : 
dabale : la : zorra : arroz : el : a : abad : 
dabale : la : zorra : arroz : el : abad : a : 
dabale : la : zorra : el : a : abad : arroz : 
dabale : la : zorra : el : a : arroz : abad : 
dabale : la : zorra : el : abad : a : arroz : 
dabale : la : zorra : el : abad : arroz : a : 
dabale : la : zorra : el : arroz : a : abad : 
dabale : la : zorra : el : arroz : abad : a : 
dabale : zorra : a : abad : arroz : el : la : 
dabale : zorra : a : abad : arroz : la : el : 
dabale : zorra : a : abad : el : arroz : la : 
dabale : zorra : a : abad : el : la : arroz : 
dabale : zorra : a : abad : la : arroz : el : 
dabale : zorra : a : abad : la : el : arroz : 
dabale : zorra : a : arroz : abad : el : la : 
dabale : zorra : a : arroz : abad : la : el : 
dabale : zorra : a : arroz : el : abad : la : 
dabale : zorra : a : arroz : el : la : abad : 
dabale : zorra : a : arroz : la : abad : el : 
dabale : zorra : a : arroz : la : el : abad : 
dabale : zorra : a : el : abad : arroz : la : 
dabale : zorra : a : el : abad : la : arroz : 
dabale : zorra : a : el : arroz : abad : la : 
dabale : zorra : a : el : arroz : la : abad : 
dabale : zorra : a : el : la : abad : arroz : 
dabale : zorra : a : el : la : arroz : abad : 
dabale : zorra : a : la : abad : arroz : el : 
dabale : zorra : a : la : abad : el : arroz : 
dabale : zorra : a : la : arroz : abad : el : 
dabale : zorra : a : la : arroz : el : abad : 
dabale : zorra : a : la : el : abad : arroz : 
dabale : zorra : a : la : el : arroz : abad : 
dabale : zorra : abad : a : arroz : el : la : 
dabale : zorra : abad : a : arroz : la : el : 
dabale : zorra : abad : a : el : arroz : la : 
dabale : zorra : abad : a : el : la : arroz : 
dabale : zorra : abad : a : la : arroz : el : 
dabale : zorra : abad : a : la : el : arroz : 
dabale : zorra : abad : arroz : a : el : la : 
dabale : zorra : abad : arroz : a : la : el : 
dabale : zorra : abad : arroz : el : a : la : 
dabale : zorra : abad : arroz : el : la : a : 
dabale : zorra : abad : arroz : la : a : el : 
dabale : zorra : abad : arroz : la : el : a : 
dabale : zorra : abad : el : a : arroz : la : 
dabale : zorra : abad : el : a : la : arroz : 
dabale : zorra : abad : el : arroz : a : la : 
dabale : zorra : abad : el : arroz : la : a : 
dabale : zorra : abad : el : la : a : arroz : 
dabale : zorra : abad : el : la : arroz : a : 
dabale : zorra : abad : la : a : arroz : el : 
dabale : zorra : abad : la : a : el : arroz : 
dabale : zorra : abad : la : arroz : a : el : 
dabale : zorra : abad : la : arroz : el : a : 
dabale : zorra : abad : la : el : a : arroz : 
dabale : zorra : abad : la : el : arroz : a : 
dabale : zorra : arroz : a : abad : el : la : 
dabale : zorra : arroz : a : abad : la : el : 
dabale : zorra : arroz : a : el : abad : la : 
dabale : zorra : arroz : a : el : la : abad : 
dabale : zorra : arroz : a : la : abad : el : 
dabale : zorra : arroz : a : la : el : abad : 
dabale : zorra : arroz : abad : a : el : la : 
dabale : zorra : arroz : abad : a : la : el : 
dabale : zorra : arroz : abad : el : a : la : 
dabale : zorra : arroz : abad : el : la : a : 
dabale : zorra : arroz : abad : la : a : el : 
dabale : zorra : arroz : abad : la : el : a : 
dabale : zorra : arroz : el : a : abad : la : 
dabale : zorra : arroz : el : a : la : abad : 
dabale : zorra : arroz : el : abad : a : la : 
dabale : zorra : arroz : el : abad : la : a : 
dabale : zorra : arroz : el : la : a : abad : 
dabale : zorra : arroz : el : la : abad : a : 
dabale : zorra : arroz : la : a : abad : el : 
dabale : zorra : arroz : la : a : el : abad : 
dabale : zorra : arroz : la : abad : a : el : 
dabale : zorra : arroz : la : abad : el : a : 
dabale : zorra : arroz : la : el : a : abad : 
dabale : zorra : arroz : la : el : abad : a : 
dabale : zorra : el : a : abad : arroz : la : 
dabale : zorra : el : a : abad : la : arroz : 
dabale : zorra : el : a : arroz : abad : la : 
dabale : zorra : el : a : arroz : la : abad : 
dabale : zorra : el : a : la : abad : arroz : 
dabale : zorra : el : a : la : arroz : abad : 
dabale : zorra : el : abad : a : arroz : la : 
dabale : zorra : el : abad : a : la : arroz : 
dabale : zorra : el : abad : arroz : a : la : 
dabale : zorra : el : abad : arroz : la : a : 
dabale : zorra : el : abad : la : a : arroz : 
dabale : zorra : el : abad : la : arroz : a : 
dabale : zorra : el : arroz : a : abad : la : 
dabale : zorra : el : arroz : a : la : abad : 
dabale : zorra : el : arroz : abad : a : la : 
dabale : zorra : el : arroz : abad : la : a : 
dabale : zorra : el : arroz : la : a : abad : 
dabale : zorra : el : arroz : la : abad : a : 
dabale : zorra : el : la : a : abad : arroz : 
dabale : zorra : el : la : a : arroz : abad : 
dabale : zorra : el : la : abad : a : arroz : 
dabale : zorra : el : la : abad : arroz : a : 
dabale : zorra : el : la : arroz : a : abad : 
dabale : zorra : el : la : arroz : abad : a : 
dabale : zorra : la : a : abad : arroz : el : 
dabale : zorra : la : a : abad : el : arroz : 
dabale : zorra : la : a : arroz : abad : el : 
dabale : zorra : la : a : arroz : el : abad : 
dabale : zorra : la : a : el : abad : arroz : 
dabale : zorra : la : a : el : arroz : abad : 
dabale : zorra : la : abad : a : arroz : el : 
dabale : zorra : la : abad : a : el : arroz : 
dabale : zorra : la : abad : arroz : a : el : 
dabale : zorra : la : abad : arroz : el : a : 
dabale : zorra : la : abad : el : a : arroz : 
dabale : zorra : la : abad : el : arroz : a : 
dabale : zorra : la : arroz : a : abad : el : 
dabale : zorra : la : arroz : a : el : abad : 
dabale : zorra : la : arroz : abad : a : el : 
dabale : zorra : la : arroz : abad : el : a : 
dabale : zorra : la : arroz : el : a : abad : 
dabale : zorra : la : arroz : el : abad : a : 
dabale : zorra : la : el : a : abad : arroz : 
dabale : zorra : la : el : a : arroz : abad : 
dabale : zorra : la : el : abad : a : arroz : 
dabale : zorra : la : el : abad : arroz : a : 
dabale : zorra : la : el : arroz : a : abad : 
dabale : zorra : la : el : arroz : abad : a : 
el : a : abad : arroz : dabale : la : zorra : 
el : a : abad : arroz : dabale : zorra : la : 
el : a : abad : arroz : la : dabale : zorra : 
el : a : abad : arroz : la : zorra : dabale : 
el : a : abad : arroz : zorra : dabale : la : 
el : a : abad : arroz : zorra : la : dabale : 
el : a : abad : dabale : arroz : la : zorra : 
el : a : abad : dabale : arroz : zorra : la : 
el : a : abad : dabale : la : arroz : zorra : 
el : a : abad : dabale : la : zorra : arroz : 
el : a : abad : dabale : zorra : arroz : la : 
el : a : abad : dabale : zorra : la : arroz : 
el : a : abad : la : arroz : dabale : zorra : 
el : a : abad : la : arroz : zorra : dabale : 
el : a : abad : la : dabale : arroz : zorra : 
el : a : abad : la : dabale : zorra : arroz : 
el : a : abad : la : zorra : arroz : dabale : 
el : a : abad : la : zorra : dabale : arroz : 
el : a : abad : zorra : arroz : dabale : la : 
el : a : abad : zorra : arroz : la : dabale : 
el : a : abad : zorra : dabale : arroz : la : 
el : a : abad : zorra : dabale : la : arroz : 
el : a : abad : zorra : la : arroz : dabale : 
el : a : abad : zorra : la : dabale : arroz : 
el : a : arroz : abad : dabale : la : zorra : 
el : a : arroz : abad : dabale : zorra : la : 
el : a : arroz : abad : la : dabale : zorra : 
el : a : arroz : abad : la : zorra : dabale : 
el : a : arroz : abad : zorra : dabale : la : 
el : a : arroz : abad : zorra : la : dabale : 
el : a : arroz : dabale : abad : la : zorra : 
el : a : arroz : dabale : abad : zorra : la : 
el : a : arroz : dabale : la : abad : zorra : 
el : a : arroz : dabale : la : zorra : abad : 
el : a : arroz : dabale : zorra : abad : la : 
el : a : arroz : dabale : zorra : la : abad : 
el : a : arroz : la : abad : dabale : zorra : 
el : a : arroz : la : abad : zorra : dabale : 
el : a : arroz : la : dabale : abad : zorra : 
el : a : arroz : la : dabale : zorra : abad : 
el : a : arroz : la : zorra : abad : dabale : 
el : a : arroz : la : zorra : dabale : abad : 
el : a : arroz : zorra : abad : dabale : la : 
el : a : arroz : zorra : abad : la : dabale : 
el : a : arroz : zorra : dabale : abad : la : 
el : a : arroz : zorra : dabale : la : abad : 
el : a : arroz : zorra : la : abad : dabale : 
el : a : arroz : zorra : la : dabale : abad : 
el : a : dabale : abad : arroz : la : zorra : 
el : a : dabale : abad : arroz : zorra : la : 
el : a : dabale : abad : la : arroz : zorra : 
el : a : dabale : abad : la : zorra : arroz : 
el : a : dabale : abad : zorra : arroz : la : 
el : a : dabale : abad : zorra : la : arroz : 
el : a : dabale : arroz : abad : la : zorra : 
el : a : dabale : arroz : abad : zorra : la : 
el : a : dabale : arroz : la : abad : zorra : 
el : a : dabale : arroz : la : zorra : abad : 
el : a : dabale : arroz : zorra : abad : la : 
el : a : dabale : arroz : zorra : la : abad : 
el : a : dabale : la : abad : arroz : zorra : 
el : a : dabale : la : abad : zorra : arroz : 
el : a : dabale : la : arroz : abad : zorra : 
el : a : dabale : la : arroz : zorra : abad : 
el : a : dabale : la : zorra : abad : arroz : 
el : a : dabale : la : zorra : arroz : abad : 
el : a : dabale : zorra : abad : arroz : la : 
el : a : dabale : zorra : abad : la : arroz : 
el : a : dabale : zorra : arroz : abad : la : 
el : a : dabale : zorra : arroz : la : abad : 
el : a : dabale : zorra : la : abad : arroz : 
el : a : dabale : zorra : la : arroz : abad : 
el : a : la : abad : arroz : dabale : zorra : 
el : a : la : abad : arroz : zorra : dabale : 
el : a : la : abad : dabale : arroz : zorra : 
el : a : la : abad : dabale : zorra : arroz : 
el : a : la : abad : zorra : arroz : dabale : 
el : a : la : abad : zorra : dabale : arroz : 
el : a : la : arroz : abad : dabale : zorra : 
el : a : la : arroz : abad : zorra : dabale : 
el : a : la : arroz : dabale : abad : zorra : 
el : a : la : arroz : dabale : zorra : abad : 
el : a : la : arroz : zorra : abad : dabale : 
el : a : la : arroz : zorra : dabale : abad : 
el : a : la : dabale : abad : arroz : zorra : 
el : a : la : dabale : abad : zorra : arroz : 
el : a : la : dabale : arroz : abad : zorra : 
el : a : la : dabale : arroz : zorra : abad : 
el : a : la : dabale : zorra : abad : arroz : 
el : a : la : dabale : zorra : arroz : abad : 
el : a : la : zorra : abad : arroz : dabale : 
el : a : la : zorra : abad : dabale : arroz : 
el : a : la : zorra : arroz : abad : dabale : 
el : a : la : zorra : arroz : dabale : abad : 
el : a : la : zorra : dabale : abad : arroz : 
el : a : la : zorra : dabale : arroz : abad : 
el : a : zorra : abad : arroz : dabale : la : 
el : a : zorra : abad : arroz : la : dabale : 
el : a : zorra : abad : dabale : arroz : la : 
el : a : zorra : abad : dabale : la : arroz : 
el : a : zorra : abad : la : arroz : dabale : 
el : a : zorra : abad : la : dabale : arroz : 
el : a : zorra : arroz : abad : dabale : la : 
el : a : zorra : arroz : abad : la : dabale : 
el : a : zorra : arroz : dabale : abad : la : 
el : a : zorra : arroz : dabale : la : abad : 
el : a : zorra : arroz : la : abad : dabale : 
el : a : zorra : arroz : la : dabale : abad : 
el : a : zorra : dabale : abad : arroz : la : 
el : a : zorra : dabale : abad : la : arroz : 
el : a : zorra : dabale : arroz : abad : la : 
el : a : zorra : dabale : arroz : la : abad : 
el : a : zorra : dabale : la : abad : arroz : 
el : a : zorra : dabale : la : arroz : abad : 
el : a : zorra : la : abad : arroz : dabale : 
el : a : zorra : la : abad : dabale : arroz : 
el : a : zorra : la : arroz : abad : dabale : 
el : a : zorra : la : arroz : dabale : abad : 
el : a : zorra : la : dabale : abad : arroz : 
el : a : zorra : la : dabale : arroz : abad : 
el : abad : a : arroz : dabale : la : zorra : 
el : abad : a : arroz : dabale : zorra : la : 
el : abad : a : arroz : la : dabale : zorra : 
el : abad : a : arroz : la : zorra : dabale : 
el : abad : a : arroz : zorra : dabale : la : 
el : abad : a : arroz : zorra : la : dabale : 
el : abad : a : dabale : arroz : la : zorra : 
el : abad : a : dabale : arroz : zorra : la : 
el : abad : a : dabale : la : arroz : zorra : 
el : abad : a : dabale : la : zorra : arroz : 
el : abad : a : dabale : zorra : arroz : la : 
el : abad : a : dabale : zorra : la : arroz : 
el : abad : a : la : arroz : dabale : zorra : 
el : abad : a : la : arroz : zorra : dabale : 
el : abad : a : la : dabale : arroz : zorra : 
el : abad : a : la : dabale : zorra : arroz : 
el : abad : a : la : zorra : arroz : dabale : 
el : abad : a : la : zorra : dabale : arroz : 
el : abad : a : zorra : arroz : dabale : la : 
el : abad : a : zorra : arroz : la : dabale : 
el : abad : a : zorra : dabale : arroz : la : 
el : abad : a : zorra : dabale : la : arroz : 
el : abad : a : zorra : la : arroz : dabale : 
el : abad : a : zorra : la : dabale : arroz : 
el : abad : arroz : a : dabale : la : zorra : 
el : abad : arroz : a : dabale : zorra : la : 
el : abad : arroz : a : la : dabale : zorra : 
el : abad : arroz : a : la : zorra : dabale : 
el : abad : arroz : a : zorra : dabale : la : 
el : abad : arroz : a : zorra : la : dabale : 
el : abad : arroz : dabale : a : la : zorra : 
el : abad : arroz : dabale : a : zorra : la : 
el : abad : arroz : dabale : la : a : zorra : 
el : abad : arroz : dabale : la : zorra : a : 
el : abad : arroz : dabale : zorra : a : la : 
el : abad : arroz : dabale : zorra : la : a : 
el : abad : arroz : la : a : dabale : zorra : 
el : abad : arroz : la : a : zorra : dabale : 
el : abad : arroz : la : dabale : a : zorra : 
el : abad : arroz : la : dabale : zorra : a : 
el : abad : arroz : la : zorra : a : dabale : 
el : abad : arroz : la : zorra : dabale : a : 
el : abad : arroz : zorra : a : dabale : la : 
el : abad : arroz : zorra : a : la : dabale : 
el : abad : arroz : zorra : dabale : a : la : 
el : abad : arroz : zorra : dabale : la : a : 
el : abad : arroz : zorra : la : a : dabale : 
el : abad : arroz : zorra : la : dabale : a : 
el : abad : dabale : a : arroz : la : zorra : 
el : abad : dabale : a : arroz : zorra : la : 
el : abad : dabale : a : la : arroz : zorra : 
el : abad : dabale : a : la : zorra : arroz : 
el : abad : dabale : a : zorra : arroz : la : 
el : abad : dabale : a : zorra : la : arroz : 
el : abad : dabale : arroz : a : la : zorra : 
el : abad : dabale : arroz : a : zorra : la : 
el : abad : dabale : arroz : la : a : zorra : 
el : abad : dabale : arroz : la : zorra : a : 
el : abad : dabale : arroz : zorra : a : la : 
el : abad : dabale : arroz : zorra : la : a : 
el : abad : dabale : la : a : arroz : zorra : 
el : abad : dabale : la : a : zorra : arroz : 
el : abad : dabale : la : arroz : a : zorra : 
el : abad : dabale : la : arroz : zorra : a : 
el : abad : dabale : la : zorra : a : arroz : 
el : abad : dabale : la : zorra : arroz : a : 
el : abad : dabale : zorra : a : arroz : la : 
el : abad : dabale : zorra : a : la : arroz : 
el : abad : dabale : zorra : arroz : a : la : 
el : abad : dabale : zorra : arroz : la : a : 
el : abad : dabale : zorra : la : a : arroz : 
el : abad : dabale : zorra : la : arroz : a : 
el : abad : la : a : arroz : dabale : zorra : 
el : abad : la : a : arroz : zorra : dabale : 
el : abad : la : a : dabale : arroz : zorra : 
el : abad : la : a : dabale : zorra : arroz : 
el : abad : la : a : zorra : arroz : dabale : 
el : abad : la : a : zorra : dabale : arroz : 
el : abad : la : arroz : a : dabale : zorra : 
el : abad : la : arroz : a : zorra : dabale : 
el : abad : la : arroz : dabale : a : zorra : 
el : abad : la : arroz : dabale : zorra : a : 
el : abad : la : arroz : zorra : a : dabale : 
el : abad : la : arroz : zorra : dabale : a : 
el : abad : la : dabale : a : arroz : zorra : 
el : abad : la : dabale : a : zorra : arroz : 
el : abad : la : dabale : arroz : a : zorra : 
el : abad : la : dabale : arroz : zorra : a : 
el : abad : la : dabale : zorra : a : arroz : 
el : abad : la : dabale : zorra : arroz : a : 
el : abad : la : zorra : a : arroz : dabale : 
el : abad : la : zorra : a : dabale : arroz : 
el : abad : la : zorra : arroz : a : dabale : 
el : abad : la : zorra : arroz : dabale : a : 
el : abad : la : zorra : dabale : a : arroz : 
el : abad : la : zorra : dabale : arroz : a : 
el : abad : zorra : a : arroz : dabale : la : 
el : abad : zorra : a : arroz : la : dabale : 
el : abad : zorra : a : dabale : arroz : la : 
el : abad : zorra : a : dabale : la : arroz : 
el : abad : zorra : a : la : arroz : dabale : 
el : abad : zorra : a : la : dabale : arroz : 
el : abad : zorra : arroz : a : dabale : la : 
el : abad : zorra : arroz : a : la : dabale : 
el : abad : zorra : arroz : dabale : a : la : 
el : abad : zorra : arroz : dabale : la : a : 
el : abad : zorra : arroz : la : a : dabale : 
el : abad : zorra : arroz : la : dabale : a : 
el : abad : zorra : dabale : a : arroz : la : 
el : abad : zorra : dabale : a : la : arroz : 
el : abad : zorra : dabale : arroz : a : la : 
el : abad : zorra : dabale : arroz : la : a : 
el : abad : zorra : dabale : la : a : arroz : 
el : abad : zorra : dabale : la : arroz : a : 
el : abad : zorra : la : a : arroz : dabale : 
el : abad : zorra : la : a : dabale : arroz : 
el : abad : zorra : la : arroz : a : dabale : 
el : abad : zorra : la : arroz : dabale : a : 
el : abad : zorra : la : dabale : a : arroz : 
el : abad : zorra : la : dabale : arroz : a : 
el : arroz : a : abad : dabale : la : zorra : 
el : arroz : a : abad : dabale : zorra : la : 
el : arroz : a : abad : la : dabale : zorra : 
el : arroz : a : abad : la : zorra : dabale : 
el : arroz : a : abad : zorra : dabale : la : 
el : arroz : a : abad : zorra : la : dabale : 
el : arroz : a : dabale : abad : la : zorra : 
el : arroz : a : dabale : abad : zorra : la : 
el : arroz : a : dabale : la : abad : zorra : 
el : arroz : a : dabale : la : zorra : abad : 
el : arroz : a : dabale : zorra : abad : la : 
el : arroz : a : dabale : zorra : la : abad : 
el : arroz : a : la : abad : dabale : zorra : 
el : arroz : a : la : abad : zorra : dabale : 
el : arroz : a : la : dabale : abad : zorra : 
el : arroz : a : la : dabale : zorra : abad : 
el : arroz : a : la : zorra : abad : dabale : 
el : arroz : a : la : zorra : dabale : abad : 
el : arroz : a : zorra : abad : dabale : la : 
el : arroz : a : zorra : abad : la : dabale : 
el : arroz : a : zorra : dabale : abad : la : 
el : arroz : a : zorra : dabale : la : abad : 
el : arroz : a : zorra : la : abad : dabale : 
el : arroz : a : zorra : la : dabale : abad : 
el : arroz : abad : a : dabale : la : zorra : 
el : arroz : abad : a : dabale : zorra : la : 
el : arroz : abad : a : la : dabale : zorra : 
el : arroz : abad : a : la : zorra : dabale : 
el : arroz : abad : a : zorra : dabale : la : 
el : arroz : abad : a : zorra : la : dabale : 
el : arroz : abad : dabale : a : la : zorra : 
el : arroz : abad : dabale : a : zorra : la : 
el : arroz : abad : dabale : la : a : zorra : 
el : arroz : abad : dabale : la : zorra : a : 
el : arroz : abad : dabale : zorra : a : la : 
el : arroz : abad : dabale : zorra : la : a : 
el : arroz : abad : la : a : dabale : zorra : 
el : arroz : abad : la : a : zorra : dabale : 
el : arroz : abad : la : dabale : a : zorra : 
el : arroz : abad : la : dabale : zorra : a : 
el : arroz : abad : la : zorra : a : dabale : 
el : arroz : abad : la : zorra : dabale : a : 
el : arroz : abad : zorra : a : dabale : la : 
el : arroz : abad : zorra : a : la : dabale : 
el : arroz : abad : zorra : dabale : a : la : 
el : arroz : abad : zorra : dabale : la : a : 
el : arroz : abad : zorra : la : a : dabale : 
el : arroz : abad : zorra : la : dabale : a : 
el : arroz : dabale : a : abad : la : zorra : 
el : arroz : dabale : a : abad : zorra : la : 
el : arroz : dabale : a : la : abad : zorra : 
el : arroz : dabale : a : la : zorra : abad : 
el : arroz : dabale : a : zorra : abad : la : 
el : arroz : dabale : a : zorra : la : abad : 
el : arroz : dabale : abad : a : la : zorra : 
el : arroz : dabale : abad : a : zorra : la : 
el : arroz : dabale : abad : la : a : zorra : 
el : arroz : dabale : abad : la : zorra : a : 
el : arroz : dabale : abad : zorra : a : la : 
el : arroz : dabale : abad : zorra : la : a : 
el : arroz : dabale : la : a : abad : zorra : 
el : arroz : dabale : la : a : zorra : abad : 
el : arroz : dabale : la : abad : a : zorra : 
el : arroz : dabale : la : abad : zorra : a : 
el : arroz : dabale : la : zorra : a : abad : 
el : arroz : dabale : la : zorra : abad : a : 
el : arroz : dabale : zorra : a : abad : la : 
el : arroz : dabale : zorra : a : la : abad : 
el : arroz : dabale : zorra : abad : a : la : 
el : arroz : dabale : zorra : abad : la : a : 
el : arroz : dabale : zorra : la : a : abad : 
el : arroz : dabale : zorra : la : abad : a : 
el : arroz : la : a : abad : dabale : zorra : 
el : arroz : la : a : abad : zorra : dabale : 
el : arroz : la : a : dabale : abad : zorra : 
el : arroz : la : a : dabale : zorra : abad : 
el : arroz : la : a : zorra : abad : dabale : 
el : arroz : la : a : zorra : dabale : abad : 
el : arroz : la : abad : a : dabale : zorra : 
el : arroz : la : abad : a : zorra : dabale : 
el : arroz : la : abad : dabale : a : zorra : 
el : arroz : la : abad : dabale : zorra : a : 
el : arroz : la : abad : zorra : a : dabale : 
el : arroz : la : abad : zorra : dabale : a : 
el : arroz : la : dabale : a : abad : zorra : 
el : arroz : la : dabale : a : zorra : abad : 
el : arroz : la : dabale : abad : a : zorra : 
el : arroz : la : dabale : abad : zorra : a : 
el : arroz : la : dabale : zorra : a : abad : 
el : arroz : la : dabale : zorra : abad : a : 
el : arroz : la : zorra : a : abad : dabale : 
el : arroz : la : zorra : a : dabale : abad : 
el : arroz : la : zorra : abad : a : dabale : 
el : arroz : la : zorra : abad : dabale : a : 
el : arroz : la : zorra : dabale : a : abad : 
el : arroz : la : zorra : dabale : abad : a : 
el : arroz : zorra : a : abad : dabale : la : 
el : arroz : zorra : a : abad : la : dabale : 
el : arroz : zorra : a : dabale : abad : la : 
el : arroz : zorra : a : dabale : la : abad : 
el : arroz : zorra : a : la : abad : dabale : 
el : arroz : zorra : a : la : dabale : abad : 
el : arroz : zorra : abad : a : dabale : la : 
el : arroz : zorra : abad : a : la : dabale : 
el : arroz : zorra : abad : dabale : a : la : 
el : arroz : zorra : abad : dabale : la : a : 
el : arroz : zorra : abad : la : a : dabale : 
el : arroz : zorra : abad : la : dabale : a : 
el : arroz : zorra : dabale : a : abad : la : 
el : arroz : zorra : dabale : a : la : abad : 
el : arroz : zorra : dabale : abad : a : la : 
el : arroz : zorra : dabale : abad : la : a : 
el : arroz : zorra : dabale : la : a : abad : 
el : arroz : zorra : dabale : la : abad : a : 
el : arroz : zorra : la : a : abad : dabale : 
el : arroz : zorra : la : a : dabale : abad : 
el : arroz : zorra : la : abad : a : dabale : 
el : arroz : zorra : la : abad : dabale : a : 
el : arroz : zorra : la : dabale : a : abad : 
el : arroz : zorra : la : dabale : abad : a : 
el : dabale : a : abad : arroz : la : zorra : 
el : dabale : a : abad : arroz : zorra : la : 
el : dabale : a : abad : la : arroz : zorra : 
el : dabale : a : abad : la : zorra : arroz : 
el : dabale : a : abad : zorra : arroz : la : 
el : dabale : a : abad : zorra : la : arroz : 
el : dabale : a : arroz : abad : la : zorra : 
el : dabale : a : arroz : abad : zorra : la : 
el : dabale : a : arroz : la : abad : zorra : 
el : dabale : a : arroz : la : zorra : abad : 
el : dabale : a : arroz : zorra : abad : la : 
el : dabale : a : arroz : zorra : la : abad : 
el : dabale : a : la : abad : arroz : zorra : 
el : dabale : a : la : abad : zorra : arroz : 
el : dabale : a : la : arroz : abad : zorra : 
el : dabale : a : la : arroz : zorra : abad : 
el : dabale : a : la : zorra : abad : arroz : 
el : dabale : a : la : zorra : arroz : abad : 
el : dabale : a : zorra : abad : arroz : la : 
el : dabale : a : zorra : abad : la : arroz : 
el : dabale : a : zorra : arroz : abad : la : 
el : dabale : a : zorra : arroz : la : abad : 
el : dabale : a : zorra : la : abad : arroz : 
el : dabale : a : zorra : la : arroz : abad : 
el : dabale : abad : a : arroz : la : zorra : 
el : dabale : abad : a : arroz : zorra : la : 
el : dabale : abad : a : la : arroz : zorra : 
el : dabale : abad : a : la : zorra : arroz : 
el : dabale : abad : a : zorra : arroz : la : 
el : dabale : abad : a : zorra : la : arroz : 
el : dabale : abad : arroz : a : la : zorra : 
el : dabale : abad : arroz : a : zorra : la : 
el : dabale : abad : arroz : la : a : zorra : 
el : dabale : abad : arroz : la : zorra : a : 
el : dabale : abad : arroz : zorra : a : la : 
el : dabale : abad : arroz : zorra : la : a : 
el : dabale : abad : la : a : arroz : zorra : 
el : dabale : abad : la : a : zorra : arroz : 
el : dabale : abad : la : arroz : a : zorra : 
el : dabale : abad : la : arroz : zorra : a : 
el : dabale : abad : la : zorra : a : arroz : 
el : dabale : abad : la : zorra : arroz : a : 
el : dabale : abad : zorra : a : arroz : la : 
el : dabale : abad : zorra : a : la : arroz : 
el : dabale : abad : zorra : arroz : a : la : 
el : dabale : abad : zorra : arroz : la : a : 
el : dabale : abad : zorra : la : a : arroz : 
el : dabale : abad : zorra : la : arroz : a : 
el : dabale : arroz : a : abad : la : zorra : 
el : dabale : arroz : a : abad : zorra : la : 
el : dabale : arroz : a : la : abad : zorra : 
el : dabale : arroz : a : la : zorra : abad : 
el : dabale : arroz : a : zorra : abad : la : 
el : dabale : arroz : a : zorra : la : abad : 
el : dabale : arroz : abad : a : la : zorra : 
el : dabale : arroz : abad : a : zorra : la : 
el : dabale : arroz : abad : la : a : zorra : 
el : dabale : arroz : abad : la : zorra : a : 
el : dabale : arroz : abad : zorra : a : la : 
el : dabale : arroz : abad : zorra : la : a : 
el : dabale : arroz : la : a : abad : zorra : 
el : dabale : arroz : la : a : zorra : abad : 
el : dabale : arroz : la : abad : a : zorra : 
el : dabale : arroz : la : abad : zorra : a : 
el : dabale : arroz : la : zorra : a : abad : 
el : dabale : arroz : la : zorra : abad : a : 
el : dabale : arroz : zorra : a : abad : la : 
el : dabale : arroz : zorra : a : la : abad : 
el : dabale : arroz : zorra : abad : a : la : 
el : dabale : arroz : zorra : abad : la : a : 
el : dabale : arroz : zorra : la : a : abad : 
el : dabale : arroz : zorra : la : abad : a : 
el : dabale : la : a : abad : arroz : zorra : 
el : dabale : la : a : abad : zorra : arroz : 
el : dabale : la : a : arroz : abad : zorra : 
el : dabale : la : a : arroz : zorra : abad : 
el : dabale : la : a : zorra : abad : arroz : 
el : dabale : la : a : zorra : arroz : abad : 
el : dabale : la : abad : a : arroz : zorra : 
el : dabale : la : abad : a : zorra : arroz : 
el : dabale : la : abad : arroz : a : zorra : 
el : dabale : la : abad : arroz : zorra : a : 
el : dabale : la : abad : zorra : a : arroz : 
el : dabale : la : abad : zorra : arroz : a : 
el : dabale : la : arroz : a : abad : zorra : 
el : dabale : la : arroz : a : zorra : abad : 
el : dabale : la : arroz : abad : a : zorra : 
el : dabale : la : arroz : abad : zorra : a : 
el : dabale : la : arroz : zorra : a : abad : 
el : dabale : la : arroz : zorra : abad : a : 
el : dabale : la : zorra : a : abad : arroz : 
el : dabale : la : zorra : a : arroz : abad : 
el : dabale : la : zorra : abad : a : arroz : 
el : dabale : la : zorra : abad : arroz : a : 
el : dabale : la : zorra : arroz : a : abad : 
el : dabale : la : zorra : arroz : abad : a : 
el : dabale : zorra : a : abad : arroz : la : 
el : dabale : zorra : a : abad : la : arroz : 
el : dabale : zorra : a : arroz : abad : la : 
el : dabale : zorra : a : arroz : la : abad : 
el : dabale : zorra : a : la : abad : arroz : 
el : dabale : zorra : a : la : arroz : abad : 
el : dabale : zorra : abad : a : arroz : la : 
el : dabale : zorra : abad : a : la : arroz : 
el : dabale : zorra : abad : arroz : a : la : 
el : dabale : zorra : abad : arroz : la : a : 
el : dabale : zorra : abad : la : a : arroz : 
el : dabale : zorra : abad : la : arroz : a : 
el : dabale : zorra : arroz : a : abad : la : 
el : dabale : zorra : arroz : a : la : abad : 
el : dabale : zorra : arroz : abad : a : la : 
el : dabale : zorra : arroz : abad : la : a : 
el : dabale : zorra : arroz : la : a : abad : 
el : dabale : zorra : arroz : la : abad : a : 
el : dabale : zorra : la : a : abad : arroz : 
el : dabale : zorra : la : a : arroz : abad : 
el : dabale : zorra : la : abad : a : arroz : 
el : dabale : zorra : la : abad : arroz : a : 
el : dabale : zorra : la : arroz : a : abad : 
el : dabale : zorra : la : arroz : abad : a : 
el : la : a : abad : arroz : dabale : zorra : 
el : la : a : abad : arroz : zorra : dabale : 
el : la : a : abad : dabale : arroz : zorra : 
el : la : a : abad : dabale : zorra : arroz : 
el : la : a : abad : zorra : arroz : dabale : 
el : la : a : abad : zorra : dabale : arroz : 
el : la : a : arroz : abad : dabale : zorra : 
el : la : a : arroz : abad : zorra : dabale : 
el : la : a : arroz : dabale : abad : zorra : 
el : la : a : arroz : dabale : zorra : abad : 
el : la : a : arroz : zorra : abad : dabale : 
el : la : a : arroz : zorra : dabale : abad : 
el : la : a : dabale : abad : arroz : zorra : 
el : la : a : dabale : abad : zorra : arroz : 
el : la : a : dabale : arroz : abad : zorra : 
el : la : a : dabale : arroz : zorra : abad : 
el : la : a : dabale : zorra : abad : arroz : 
el : la : a : dabale : zorra : arroz : abad : 
el : la : a : zorra : abad : arroz : dabale : 
el : la : a : zorra : abad : dabale : arroz : 
el : la : a : zorra : arroz : abad : dabale : 
el : la : a : zorra : arroz : dabale : abad : 
el : la : a : zorra : dabale : abad : arroz : 
el : la : a : zorra : dabale : arroz : abad : 
el : la : abad : a : arroz : dabale : zorra : 
el : la : abad : a : arroz : zorra : dabale : 
el : la : abad : a : dabale : arroz : zorra : 
el : la : abad : a : dabale : zorra : arroz : 
el : la : abad : a : zorra : arroz : dabale : 
el : la : abad : a : zorra : dabale : arroz : 
el : la : abad : arroz : a : dabale : zorra : 
el : la : abad : arroz : a : zorra : dabale : 
el : la : abad : arroz : dabale : a : zorra : 
el : la : abad : arroz : dabale : zorra : a : 
el : la : abad : arroz : zorra : a : dabale : 
el : la : abad : arroz : zorra : dabale : a : 
el : la : abad : dabale : a : arroz : zorra : 
el : la : abad : dabale : a : zorra : arroz : 
el : la : abad : dabale : arroz : a : zorra : 
el : la : abad : dabale : arroz : zorra : a : 
el : la : abad : dabale : zorra : a : arroz : 
el : la : abad : dabale : zorra : arroz : a : 
el : la : abad : zorra : a : arroz : dabale : 
el : la : abad : zorra : a : dabale : arroz : 
el : la : abad : zorra : arroz : a : dabale : 
el : la : abad : zorra : arroz : dabale : a : 
el : la : abad : zorra : dabale : a : arroz : 
el : la : abad : zorra : dabale : arroz : a : 
el : la : arroz : a : abad : dabale : zorra : 
el : la : arroz : a : abad : zorra : dabale : 
el : la : arroz : a : dabale : abad : zorra : 
el : la : arroz : a : dabale : zorra : abad : 
el : la : arroz : a : zorra : abad : dabale : 
el : la : arroz : a : zorra : dabale : abad : 
el : la : arroz : abad : a : dabale : zorra : 
el : la : arroz : abad : a : zorra : dabale : 
el : la : arroz : abad : dabale : a : zorra : 
dontpanic
dontpcain
dontpcani
dontpcian
dontpcina
dontpcnai
dontpcnia
dontpiacn
dontpianc
dontpican
dontpicna
dontpinac
dontpinca
dontpnaci
dontpnaic
dontpncai
dontpncia
dontpniac
dontpnica
donacinpt
donacintp
donacipnt
donaciptn
donacitnp
donacitpn
donacnipt
donacnitp
donacnpit
donacnpti
donacntip
donacntpi
donacpint
donacpitn
donacpnit
donacpnti
donacptin
donacptni
donactinp
donactipn
donactnip
donactnpi
donactpin
donactpni
donaicnpt
donaicntp
donaicpnt
donaicptn
donaictnp
donaictpn
donaincpt
donainctp
donainpct
donainptc
donaintcp
donaintpc
donaipcnt
donaipctn
donaipnct
donaipntc
donaiptcn
donaiptnc
donaitcnp
donaitcpn
donaitncp
donaitnpc
donaitpcn
donaitpnc
donancipt
donancitp
donancpit
donancpti
donanctip
donanctpi
donanicpt
donanictp
donanipct
donaniptc
donanitcp
donanitpc
donanpcit
donanpcti
donanpict
donanpitc
donanptci
donanptic
donantcip
donantcpi
donanticp
donantipc
donantpci
donantpic
donapcint
donapcitn
donapcnit
donapcnti
donapctin
donapctni
donapicnt
donapictn
donapinct
donapintc
donapitcn
donapitnc
donapncit
donapncti
donapnict
donapnitc
donapntci
donapntic
donaptcin
donaptcni
donapticn
donaptinc
donaptnci
donaptnic
donatcinp
donatcipn
donatcnip
donatcnpi
donatcpin
donatcpni
donaticnp
donaticpn
donatincp
donatinpc
donatipcn
donatipnc
donatncip
donatncpi
donatnicp
donatnipc
donatnpci
donatnpic
donatpcin
donatpcni
donatpicn
donatpinc
donatpnci
donatpnic
doncainpt
doncaintp
doncaipnt
doncaiptn
doncaitnp
doncaitpn
doncanipt
doncanitp
doncanpit
doncanpti
doncantip
doncantpi
doncapint
doncapitn
doncapnit
doncapnti
doncaptin
doncaptni
doncatinp
doncatipn
doncatnip
doncatnpi
doncatpin
doncatpni
doncianpt
donciantp
donciapnt
donciaptn
donciatnp
donciatpn
doncinapt
doncinatp
doncinpat
doncinpta
doncintap
doncintpa
doncipant
doncipatn
doncipnat
doncipnta
donciptan
donciptna
doncitanp
doncitapn
doncitnap
doncitnpa
doncitpan
doncitpna
doncnaipt
doncnaitp
doncnapit
doncnapti
doncnatip
doncnatpi
doncniapt
doncniatp
doncnipat
doncnipta
doncnitap
doncnitpa
doncnpait
doncnpati
doncnpiat
doncnpita
doncnptai
doncnptia
doncntaip
doncntapi
doncntiap
doncntipa
doncntpai
doncntpia
doncpaint
doncpaitn
doncpanit
doncpanti
doncpatin
doncpatni
doncpiant
doncpiatn
doncpinat
doncpinta
doncpitan
doncpitna
doncpnait
doncpnati
doncpniat
doncpnita
doncpntai
doncpntia
doncptain
doncptani
doncptian
doncptina
doncptnai
doncptnia
donctainp
donctaipn
donctanip
donctanpi
donctapin
donctapni
donctianp
donctiapn
donctinap
donctinpa
donctipan
donctipna
donctnaip
donctnapi
donctniap
donctnipa
donctnpai
donctnpia
donctpain
donctpani
donctpian
donctpina
donctpnai
donctpnia
doniacnpt
doniacntp
doniacpnt
doniacptn
doniactnp
doniactpn
doniancpt
donianctp
donianpct
donianptc
doniantcp
doniantpc
doniapcnt
doniapctn
doniapnct
doniapntc
doniaptcn
doniaptnc
doniatcnp
doniatcpn
doniatncp
doniatnpc
doniatpcn
doniatpnc
donicanpt
donicantp
donicapnt
donicaptn
donicatnp
donicatpn
donicnapt
donicnatp
donicnpat
donicnpta
donicntap
donicntpa
donicpant
donicpatn
donicpnat
donicpnta
donicptan
donicptna
donictanp
donictapn
donictnap
donictnpa
donictpan
donictpna
doninacpt
doninactp
doninapct
doninaptc
doninatcp
doninatpc
donincapt
donincatp
donincpat
donincpta
doninctap
doninctpa
doninpact
doninpatc
doninpcat
doninpcta
doninptac
doninptca
donintacp
donintapc
donintcap
donintcpa
donintpac
donintpca
donipacnt
donipactn
donipanct
donipantc
donipatcn
donipatnc
donipcant
donipcatn
donipcnat
donipcnta
donipctan
donipctna
donipnact
donipnatc
donipncat
donipncta
donipntac
donipntca
doniptacn
doniptanc
doniptcan
doniptcna
doniptnac
doniptnca
donitacnp
donitacpn
donitancp
donitanpc
donitapcn
donitapnc
donitcanp
donitcapn
donitcnap
donitcnpa
donitcpan
donitcpna
donitnacp
donitnapc
donitncap
donitncpa
donitnpac
donitnpca
donitpacn
donitpanc
donitpcan
donitpcna
donitpnac
donitpnca
donnacipt
donnacitp
donnacpit
donnacpti
donnactip
donnactpi
donnaicpt
donnaictp
donnaipct
donnaiptc
donnaitcp
donnaitpc
donnapcit
donnapcti
donnapict
donnapitc
donnaptci
donnaptic
donnatcip
donnatcpi
donnaticp
donnatipc
donnatpci
donnatpic
donncaipt
donncaitp
donncapit
donncapti
donncatip
donncatpi
donnciapt
donnciatp
donncipat
donncipta
donncitap
donncitpa
donncpait
donncpati
donncpiat
donncpita
donncptai
donncptia
donnctaip
donnctapi
donnctiap
donnctipa
donnctpai
donnctpia
donniacpt
donniactp
donniapct
donniaptc
donniatcp
donniatpc
donnicapt
donnicatp
donnicpat
donnicpta
donnictap
donnictpa
donnipact
donnipatc
donnipcat
donnipcta
donniptac
donniptca
donnitacp
donnitapc
donnitcap
donnitcpa
donnitpac
donnitpca
donnpacit
donnpacti
donnpaict
donnpaitc
donnpatci
donnpatic
donnpcait
donnpcati
donnpciat
donnpcita
donnpctai
donnpctia
donnpiact
donnpiatc
donnpicat
donnpicta
donnpitac
donnpitca
donnptaci
donnptaic
donnptcai
donnptcia
donnptiac
donnptica
donntacip
donntacpi
donntaicp
donntaipc
donntapci
donntapic
donntcaip
donntcapi
donntciap
donntcipa
donntcpai
donntcpia
donntiacp
donntiapc
donnticap
donnticpa
donntipac
donntipca
donntpaci
donntpaic
donntpcai
donntpcia
donntpiac
donntpica
donpacint
donpacitn
donpacnit
donpacnti
donpactin
donpactni
donpaicnt
donpaictn
donpainct
donpaintc
donpaitcn
donpaitnc
donpancit
donpancti
donpanict
donpanitc
donpantci
donpantic
donpatcin
donpatcni
donpaticn
donpatinc
donpatnci
donpatnic
donpcaint
donpcaitn
donpcanit
donpcanti
donpcatin
donpcatni
donpciant
donpciatn
donpcinat
donpcinta
donpcitan
donpcitna
donpcnait
donpcnati
donpcniat
donpcnita
donpcntai
donpcntia
donpctain
donpctani
donpctian
donpctina
donpctnai
donpctnia
donpiacnt
donpiactn
donpianct
donpiantc
donpiatcn
donpiatnc
donpicant
donpicatn
donpicnat
donpicnta
donpictan
donpictna
donpinact
donpinatc
donpincat
donpincta
donpintac
donpintca
donpitacn
donpitanc
donpitcan
donpitcna
donpitnac
donpitnca
donpnacit
donpnacti
donpnaict
donpnaitc
donpnatci
donpnatic
donpncait
donpncati
donpnciat
donpncita
donpnctai
donpnctia
donpniact
donpniatc
donpnicat
donpnicta
donpnitac
donpnitca
donpntaci
donpntaic
donpntcai
donpntcia
donpntiac
donpntica
donptacin
donptacni
donptaicn
donptainc
donptanci
donptanic
donptcain
donptcani
donptcian
donptcina
donptcnai
donptcnia
donptiacn
donptianc
donptican
donpticna
donptinac
donptinca
donptnaci
donptnaic
donptncai
donptncia
donptniac
donptnica
dontacinp
dontacipn
dontacnip
dontacnpi
dontacpin
dontacpni
dontaicnp
dontaicpn
dontaincp
dontainpc
dontaipcn
dontaipnc
dontancip
dontancpi
dontanicp
dontanipc
dontanpci
dontanpic
dontapcin
dontapcni
dontapicn
dontapinc
dontapnci
dontapnic
dontcainp
dontcaipn
dontcanip
dontcanpi
dontcapin
dontcapni
dontcianp
dontciapn
dontcinap
dontcinpa
dontcipan
dontcipna
dontcnaip
dontcnapi
dontcniap
dontcnipa
dontcnpai
dontcnpia
dontcpain
dontcpani
dontcpian
dontcpina
dontcpnai
dontcpnia
dontiacnp
dontiacpn
dontiancp
dontianpc
dontiapcn
dontiapnc
donticanp
donticapn
donticnap
donticnpa
donticpan
donticpna
dontinacp
dontinapc
dontincap
dontincpa
dontinpac
dontinpca
dontipacn
dontipanc
dontipcan
dontipcna
dontipnac
dontipnca
dontnacip
dontnacpi
dontnaicp
dontnaipc
dontnapci
dontnapic
dontncaip
dontncapi
dontnciap
dontncipa
dontncpai
dontncpia
dontniacp
dontniapc
dontnicap
dontnicpa
dontnipac
dontnipca
dontnpaci
dontnpaic
dontnpcai
dontnpcia
dontnpiac
dontnpica
dontpacin
dontpacni
dontpaicn
dontpainc
dontpanci
dontpanic
dontpcain
dontpcani
dontpcian
dontpcina
dontpcnai
dontpcnia
dontpiacn
dontpianc
dontpican
dontpicna
dontpinac
dontpinca
dontpnaci
dontpnaic
dontpncai
dontpncia
dontpniac
dontpnica
donacinpt
donacintp
donacipnt
donaciptn
donacitnp
donacitpn
donacnipt
donacnitp
donacnpit
donacnpti
donacntip
donacntpi
donacpint
donacpitn
donacpnit
donacpnti
donacptin
donacptni
donactinp
donactipn
donactnip
donactnpi
donactpin
donactpni
donaicnpt
donaicntp
donaicpnt
donaicptn
donaictnp
donaictpn
donaincpt
donainctp
donainpct
donainptc
donaintcp
donaintpc
donaipcnt
donaipctn
donaipnct
donaipntc
donaiptcn
donaiptnc
donaitcnp
donaitcpn
donaitncp
donaitnpc
donaitpcn
donaitpnc
donancipt
donancitp
donancpit
donancpti
donanctip
donanctpi
donanicpt
donanictp
donanipct
donaniptc
donanitcp
donanitpc
donanpcit
donanpcti
donanpict
donanpitc
donanptci
donanptic
donantcip
donantcpi
donanticp
donantipc
donantpci
donantpic
donapcint
donapcitn
donapcnit
donapcnti
donapctin
donapctni
donapicnt
donapictn
donapinct
donapintc
donapitcn
donapitnc
donapncit
donapncti
donapnict
donapnitc
donapntci
donapntic
donaptcin
donaptcni
donapticn
donaptinc
donaptnci
donaptnic
donatcinp
donatcipn
donatcnip
donatcnpi
donatcpin
donatcpni
donaticnp
donaticpn
donatincp
donatinpc
donatipcn
donatipnc
donatncip
donatncpi
donatnicp
donatnipc
donatnpci
donatnpic
donatpcin
donatpcni
donatpicn
donatpinc
donatpnci
donatpnic
doncainpt
doncaintp
doncaipnt
doncaiptn
doncaitnp
doncaitpn
doncanipt
doncanitp
doncanpit
doncanpti
doncantip
doncantpi
doncapint
doncapitn
doncapnit
doncapnti
doncaptin
doncaptni
doncatinp
doncatipn
doncatnip
doncatnpi
doncatpin
doncatpni
doncianpt
donciantp
donciapnt
donciaptn
donciatnp
donciatpn
doncinapt
doncinatp
doncinpat
doncinpta
doncintap
doncintpa
doncipant
doncipatn
doncipnat
doncipnta
donciptan
donciptna
doncitanp
doncitapn
doncitnap
doncitnpa
doncitpan
doncitpna
doncnaipt
doncnaitp
doncnapit
doncnapti
doncnatip
doncnatpi
doncniapt
doncniatp
doncnipat
doncnipta
doncnitap
doncnitpa
doncnpait
doncnpati
doncnpiat
doncnpita
doncnptai
doncnptia
doncntaip
doncntapi
doncntiap
doncntipa
doncntpai
doncntpia
doncpaint
doncpaitn
doncpanit
doncpanti
doncpatin
doncpatni
doncpiant
doncpiatn
doncpinat
doncpinta
doncpitan
doncpitna
doncpnait
doncpnati
doncpniat
doncpnita
doncpntai
doncpntia
doncptain
doncptani
doncptian
doncptina
doncptnai
doncptnia
donctainp
donctaipn
donctanip
donctanpi
donctapin
donctapni
donctianp
donctiapn
donctinap
donctinpa
donctipan
donctipna
donctnaip
donctnapi
donctniap
donctnipa
donctnpai
donctnpia
donctpain
donctpani
donctpian
donctpina
donctpnai
donctpnia
doniacnpt
doniacntp
doniacpnt
doniacptn
doniactnp
doniactpn
doniancpt
donianctp
donianpct
donianptc
doniantcp
doniantpc
doniapcnt
doniapctn
doniapnct
doniapntc
doniaptcn
doniaptnc
doniatcnp
doniatcpn
doniatncp
lavidaesdura
lavidaesradu
lavidaesraud
lavidaesrdau
lavidaesrdua
lavidaesruad
lavidaesruda
lavidaesuadr
lavidaesuard
lavidaesudar
lavidaesudra
lavidaesurad
lavidaesurda
lavidaeuadrs
lavidaeuadsr
lavidaeuards
lavidaeuarsd
lavidaeuasdr
lavidaeuasrd
lavidaeudars
lavidaeudasr
lavidaeudras
lavidaeudrsa
lavidaeudsar
lavidaeudsra
lavidaeurads
lavidaeurasd
lavidaeurdas
lavidaeurdsa
lavidaeursad
lavidaeursda
lavidaeusadr
lavidaeusard
lavidaeusdar
lavidaeusdra
lavidaeusrad
lavidaeusrda
lavidaradesu
lavidaradeus
lavidaradseu
lavidaradsue
lavidaradues
lavidaraduse
lavidaraedsu
lavidaraedus
lavidaraesdu
lavidaraesud
lavidaraeuds
lavidaraeusd
lavidarasdeu
lavidarasdue
lavidarasedu
lavidaraseud
lavidarasude
lavidarasued
lavidaraudes
lavidaraudse
lavidaraueds
lavidarauesd
lavidarausde
lavidaraused
lavidardaesu
lavidardaeus
lavidardaseu
lavidardasue
lavidardaues
lavidardause
lavidardeasu
lavidardeaus
lavidardesau
lavidardesua
lavidardeuas
lavidardeusa
lavidardsaeu
lavidardsaue
lavidardseau
lavidardseua
lavidardsuae
lavidardsuea
lavidarduaes
lavidarduase
lavidardueas
lavidarduesa
lavidardusae
lavidardusea
lavidareadsu
lavidareadus
lavidareasdu
lavidareasud
lavidareauds
lavidareausd
lavidaredasu
lavidaredaus
lavidaredsau
lavidaredsua
lavidareduas
lavidaredusa
lavidaresadu
lavidaresaud
lavidaresdau
lavidaresdua
lavidaresuad
lavidaresuda
lavidareuads
lavidareuasd
lavidareudas
lavidareudsa
lavidareusad
lavidareusda
lavidarsadeu
lavidarsadue
lavidarsaedu
lavidarsaeud
lavidarsaude
lavidarsaued
lavidarsdaeu
lavidarsdaue
lavidarsdeau
lavidarsdeua
lavidarsduae
lavidarsduea
lavidarseadu
lavidarseaud
lavidarsedau
lavidarsedua
lavidarseuad
lavidarseuda
lavidarsuade
lavidarsuaed
lavidarsudae
lavidarsudea
lavidarsuead
lavidarsueda
lavidaruades
lavidaruadse
lavidaruaeds
lavidaruaesd
lavidaruasde
lavidaruased
lavidarudaes
lavidarudase
lavidarudeas
lavidarudesa
lavidarudsae
lavidarudsea
lavidarueads
lavidarueasd
lavidaruedas
lavidaruedsa
lavidaruesad
lavidaruesda
lavidarusade
lavidarusaed
lavidarusdae
lavidarusdea
lavidarusead
lavidaruseda
lavidasaderu
lavidasadeur
lavidasadreu
lavidasadrue
lavidasaduer
lavidasadure
lavidasaedru
lavidasaedur
lavidasaerdu
lavidasaerud
lavidasaeudr
lavidasaeurd
lavidasardeu
lavidasardue
lavidasaredu
lavidasareud
lavidasarude
lavidasarued
lavidasauder
lavidasaudre
lavidasauedr
lavidasauerd
lavidasaurde
lavidasaured
lavidasdaeru
lavidasdaeur
lavidasdareu
lavidasdarue
lavidasdauer
lavidasdaure
lavidasdearu
lavidasdeaur
lavidasderau
lavidasderua
lavidasdeuar
lavidasdeura
lavidasdraeu
lavidasdraue
lavidasdreau
lavidasdreua
lavidasdruae
lavidasdruea
lavidasduaer
lavidasduare
lavidasduear
lavidasduera
lavidasdurae
lavidasdurea
lavidaseadru
lavidaseadur
lavidaseardu
lavidasearud
lavidaseaudr
lavidaseaurd
lavidasedaru
lavidasedaur
lavidasedrau
lavidasedrua
lavidaseduar
lavidasedura
lavidaseradu
lavidaseraud
lavidaserdau
lavidaserdua
lavidaseruad
lavidaseruda
lavidaseuadr
lavidaseuard
lavidaseudar
lavidaseudra
lavidaseurad
lavidaseurda
lavidasradeu
lavidasradue
lavidasraedu
lavidasraeud
lavidasraude
lavidasraued
lavidasrdaeu
lavidasrdaue
lavidasrdeau
lavidasrdeua
lavidasrduae
lavidasrduea
lavidasreadu
lavidasreaud
lavidasredau
lavidasredua
lavidasreuad
lavidasreuda
lavidasruade
lavidasruaed
lavidasrudae
lavidasrudea
lavidasruead
lavidasrueda
lavidasuader
lavidasuadre
lavidasuaedr
lavidasuaerd
lavidasuarde
lavidasuared
lavidasudaer
lavidasudare
lavidasudear
lavidasudera
lavidasudrae
lavidasudrea
lavidasueadr
lavidasueard
lavidasuedar
lavidasuedra
lavidasuerad
lavidasuerda
lavidasurade
lavidasuraed
lavidasurdae
lavidasurdea
lavidasuread
lavidasureda
lavidauaders
lavidauadesr
lavidauadres
lavidauadrse
lavidauadser
lavidauadsre
lavidauaedrs
lavidauaedsr
lavidauaerds
lavidauaersd
lavidauaesdr
lavidauaesrd
lavidauardes
lavidauardse
lavidauareds
lavidauaresd
lavidauarsde
lavidauarsed
lavidauasder
lavidauasdre
lavidauasedr
lavidauaserd
lavidauasrde
lavidauasred
lavidaudaers
lavidaudaesr
lavidaudares
lavidaudarse
lavidaudaser
lavidaudasre
lavidaudears
lavidaudeasr
lavidauderas
lavidaudersa
lavidaudesar
lavidaudesra
lavidaudraes
lavidaudrase
lavidaudreas
lavidaudresa
lavidaudrsae
lavidaudrsea
lavidaudsaer
lavidaudsare
lavidaudsear
lavidaudsera
lavidaudsrae
lavidaudsrea
lavidaueadrs
lavidaueadsr
lavidaueards
lavidauearsd
lavidaueasdr
lavidaueasrd
lavidauedars
lavidauedasr
lavidauedras
lavidauedrsa
lavidauedsar
lavidauedsra
lavidauerads
lavidauerasd
lavidauerdas
lavidauerdsa
lavidauersad
lavidauersda
lavidauesadr
lavidauesard
lavidauesdar
lavidauesdra
lavidauesrad
lavidauesrda
lavidaurades
lavidauradse
lavidauraeds
lavidauraesd
lavidaurasde
lavidaurased
lavidaurdaes
lavidaurdase
lavidaurdeas
lavidaurdesa
lavidaurdsae
lavidaurdsea
lavidaureads
lavidaureasd
lavidauredas
lavidauredsa
lavidauresad
lavidauresda
lavidaursade
lavidaursaed
lavidaursdae
lavidaursdea
lavidaursead
lavidaurseda
lavidausader
lavidausadre
lavidausaedr
lavidausaerd
lavidausarde
lavidausared
lavidausdaer
lavidausdare
lavidausdear
lavidausdera
lavidausdrae
lavidausdrea
lavidauseadr
lavidauseard
lavidausedar
lavidausedra
lavidauserad
lavidauserda
lavidausrade
lavidausraed
lavidausrdae
lavidausrdea
lavidausread
lavidausreda
lavidaadersu
lavidaaderus
lavidaadesru
lavidaadesur
lavidaadeurs
lavidaadeusr
lavidaadresu
lavidaadreus
lavidaadrseu
lavidaadrsue
lavidaadrues
lavidaadruse
lavidaadseru
lavidaadseur
lavidaadsreu
lavidaadsrue
lavidaadsuer
lavidaadsure
lavidaaduers
lavidaaduesr
lavidaadures
lavidaadurse
lavidaaduser
lavidaadusre
lavidaaedrsu
lavidaaedrus
lavidaaedsru
lavidaaedsur
lavidaaedurs
lavidaaedusr
lavidaaerdsu
lavidaaerdus
lavidaaersdu
lavidaaersud
lavidaaeruds
lavidaaerusd
lavidaaesdru
lavidaaesdur
lavidaaesrdu
lavidaaesrud
lavidaaesudr
lavidaaesurd
lavidaaeudrs
lavidaaeudsr
lavidaaeurds
lavidaaeursd
lavidaaeusdr
lavidaaeusrd
lavidaardesu
lavidaardeus
lavidaardseu
lavidaardsue
lavidaardues
lavidaarduse
lavidaaredsu
lavidaaredus
lavidaaresdu
lavidaaresud
lavidaareuds
lavidaareusd
lavidaarsdeu
lavidaarsdue
lavidaarsedu
lavidaarseud
lavidaarsude
lavidaarsued
lavidaarudes
lavidaarudse
lavidaarueds
lavidaaruesd
lavidaarusde
lavidaarused
lavidaasderu
lavidaasdeur
lavidaasdreu
lavidaasdrue
lavidaasduer
lavidaasdure
lavidaasedru
lavidaasedur
lavidaaserdu
lavidaaserud
lavidaaseudr
lavidaaseurd
lavidaasrdeu
lavidaasrdue
lavidaasredu
lavidaasreud
lavidaasrude
lavidaasrued
lavidaasuder
lavidaasudre
lavidaasuedr
lavidaasuerd
lavidaasurde
lavidaasured
lavidaauders
lavidaaudesr
lavidaaudres
lavidaaudrse
lavidaaudser
lavidaaudsre
lavidaauedrs
lavidaauedsr
lavidaauerds
lavidaauersd
lavidaauesdr
lavidaauesrd
lavidaaurdes
lavidaaurdse
lavidaaureds
lavidaauresd
lavidaaursde
lavidaaursed
lavidaausder
lavidaausdre
lavidaausedr
lavidaauserd
lavidaausrde
lavidaausred
lavidadaersu
lavidadaerus
lavidadaesru
lavidadaesur
lavidadaeurs
lavidadaeusr
lavidadaresu
lavidadareus
lavidadarseu
lavidadarsue
lavidadarues
lavidadaruse
lavidadaseru
lavidadaseur
lavidadasreu
lavidadasrue
lavidadasuer
lavidadasure
lavidadauers
lavidadauesr
lavidadaures
lavidadaurse
lavidadauser
lavidadausre
lavidadearsu
lavidadearus
lavidadeasru
lavidadeasur
lavidadeaurs
lavidadeausr
lavidaderasu
lavidaderaus
lavidadersau
lavidadersua
lavidaderuas
lavidaderusa
lavidadesaru
lavidadesaur
lavidadesrau
lavidadesrua
lavidadesuar
lavidadesura
lavidadeuars
lavidadeuasr
lavidadeuras
lavidadeursa
lavidadeusar
lavidadeusra
lavidadraesu
lavidadraeus
lavidadraseu
lavidadrasue
lavidadraues
lavidadrause
lavidadreasu
lavidadreaus
lavidadresau
lavidadresua
lavidadreuas
lavidadreusa
lavidadrsaeu
lavidadrsaue
lavidadrseau
lavidadrseua
lavidadrsuae
lavidadrsuea
lavidadruaes
lavidadruase
lavidadrueas
lavidadruesa
lavidadrusae
lavidadrusea
lavidadsaeru
lavidadsaeur
lavidadsareu
lavidadsarue
lavidadsauer
lavidadsaure
lavidadsearu
lavidadseaur
lavidadserau
lavidadserua
lavidadseuar
lavidadseura
lavidadsraeu
lavidadsraue
lavidadsreau
lavidadsreua
lavidadsruae
lavidadsruea
lavidadsuaer
lavidadsuare
lavidadsuear
lavidadsuera
lavidadsurae
lavidadsurea
lavidaduaers
lavidaduaesr
lavidaduares
lavidaduarse
lavidaduaser
lavidaduasre
lavidaduears
lavidadueasr
lavidadueras
lavidaduersa
lavidaduesar
lavidaduesra
lavidaduraes
lavidadurase
lavidadureas
lavidaduresa
lavidadursae
lavidadursea
lavidadusaer
lavidadusare
lavidadusear
lavidadusera
lavidadusrae
lavidadusrea
lavidaeadrsu
lavidaeadrus
lavidaeadsru
lavidaeadsur
lavidaeadurs
lavidaeadusr
lavidaeardsu
lavidaeardus
lavidaearsdu
lavidaearsud
lavidaearuds
lavidaearusd
lavidaeasdru
lavidaeasdur
lavidaeasrdu
lavidaeasrud
lavidaeasudr
lavidaeasurd
lavidaeaudrs
lavidaeaudsr
lavidaeaurds
lavidaeaursd
lavidaeausdr
lavidaeausrd
lavidaedarsu
lavidaedarus
lavidaedasru
lavidaedasur
lavidaedaurs
lavidaedausr
lavidaedrasu
lavidaedraus
lavidaedrsau
lavidaedrsua
lavidaedruas
lavidaedrusa
lavidaedsaru
lavidaedsaur
lavidaedsrau
lavidaedsrua
lavidaedsuar
lavidaedsura
lavidaeduars
lavidaeduasr
lavidaeduras
lavidaedursa
lavidaedusar
lavidaedusra
lavidaeradsu
lavidaeradus
lavidaerasdu
lavidaerasud
lavidaerauds
lavidaerausd
lavidaerdasu
lavidaerdaus
lavidaerdsau
lavidaerdsua
lavidaerduas
lavidaerdusa
lavidaersadu
lavidaersaud
lavidaersdau
lavidaersdua
lavidaersuad
lavidaersuda
lavidaeruads
lavidaeruasd
lavidaerudas
lavidaerudsa
lavidaerusad
lavidaerusda
lavidaesadru
lavidaesadur
lavidaesardu
lavidaesarud
lavidaesaudr
lavidaesaurd
lavidaesdaru
lavidaesdaur
lavidaesdrau
lavidaesdrua
lavidaesduar
lavidaesdura
lavidaesradu
lavidaesraud
lavidaesrdau
lavidaesrdua
lavidaesruad
lavidaesruda
lavidaesuadr
lavidaesuard
lavidaesudar
lavidaesudra
lavidaesurad
lavidaesurda
lavidaeuadrs
lavidaeuadsr
lavidaeuards
lavidaeuarsd
lavidaeuasdr
lavidaeuasrd
lavidaeudars
lavidaeudasr
lavidaeudras
lavidaeudrsa
lavidaeudsar
lavidaeudsra
lavidaeurads
lavidaeurasd
lavidaeurdas
lavidaeurdsa
lavidaeursad
lavidaeursda
lavidaeusadr
lavidaeusard
lavidaeusdar
lavidaeusdra
lavidaeusrad
lavidaeusrda
lavidaradesu
lavidaradeus
lavidaradseu
lavidaradsue
lavidaradues
lavidaraduse
lavidaraedsu
lavidaraedus
lavidaraesdu
lavidaraesud
lavidaraeuds
lavidaraeusd
lavidarasdeu
lavidarasdue
lavidarasedu
lavidaraseud
lavidarasude
lavidarasued
lavidaraudes
lavidaraudse
lavidaraueds
lavidarauesd
lavidarausde
lavidaraused
lavidardaesu
lavidardaeus
lavidardaseu
lavidardasue
lavidardaues
lavidardause
lavidardeasu
lavidardeaus
lavidardesau
lavidardesua
lavidardeuas
lavidardeusa
lavidardsaeu
lavidardsaue
lavidardseau
lavidardseua
lavidardsuae
lavidardsuea
lavidarduaes
lavidarduase
lavidardueas
lavidarduesa
lavidardusae
lavidardusea
lavidareadsu
lavidareadus
lavidareasdu
lavidareasud
lavidareauds
lavidareausd
lavidaredasu
lavidaredaus
lavidaredsau
lavidaredsua
lavidareduas
lavidaredusa
lavidaresadu
lavidaresaud
lavidaresdau
lavidaresdua
lavidaresuad
lavidaresuda
lavidareuads
lavidareuasd
lavidareudas
lavidareudsa
lavidareusad
lavidareusda
lavidarsadeu
lavidarsadue
lavidarsaedu
lavidarsaeud
lavidarsaude
lavidarsaued
lavidarsdaeu
lavidarsdaue
lavidarsdeau
lavidarsdeua
lavidarsduae
lavidarsduea
lavidarseadu
lavidarseaud
lavidarsedau
lavidarsedua
lavidarseuad
lavidarseuda
lavidarsuade
lavidarsuaed
lavidarsudae
lavidarsudea
lavidarsuead
lavidarsueda
lavidaruades
lavidaruadse
lavidaruaeds
lavidaruaesd
lavidaruasde
lavidaruased
lavidarudaes
lavidarudase
lavidarudeas
lavidarudesa
lavidarudsae
lavidarudsea
lavidarueads
lavidarueasd
lavidaruedas
lavidaruedsa
lavidaruesad
lavidaruesda
lavidarusade
lavidarusaed
lavidarusdae
lavidarusdea
lavidarusead
lavidaruseda
lavidasaderu
lavidasadeur
lavidasadreu
lavidasadrue
lavidasaduer
lavidasadure
lavidasaedru
lavidasaedur
lavidasaerdu
lavidasaerud
lavidasaeudr
lavidasaeurd
lavidasardeu
lavidasardue
lavidasaredu
lavidasareud
lavidasarude
lavidasarued
lavidasauder
lavidasaudre
lavidasauedr
lavidasauerd
lavidasaurde
lavidasaured
lavidasdaeru
lavidasdaeur
lavidasdareu
lavidasdarue
lavidasdauer
lavidasdaure
lavidasdearu
lavidasdeaur
lavidasderau
lavidasderua
lavidasdeuar
lavidasdeura
lavidasdraeu
lavidasdraue
lavidasdreau
lavidasdreua
lavidasdruae
lavidasdruea
lavidasduaer
lavidasduare
lavidasduear
lavidasduera
lavidasdurae
lavidasdurea
lavidaseadru
lavidaseadur
lavidaseardu
lavidasearud
lavidaseaudr
lavidaseaurd
lavidasedaru
lavidasedaur
lavidasedrau
lavidasedrua
lavidaseduar
lavidasedura
lavidaseradu
lavidaseraud
lavidaserdau
lavidaserdua
lavidaseruad
lavidaseruda
lavidaseuadr
lavidaseuard
lavidaseudar
lavidaseudra
lavidaseurad
lavidaseurda
lavidasradeu
lavidasradue
lavidasraedu
lavidasraeud
lavidasraude
lavidasraued
lavidasrdaeu
lavidasrdaue
lavidasrdeau
lavidasrdeua
lavidasrduae
lavidasrduea
lavidasreadu
lavidasreaud
lavidasredau
lavidasredua
lavidasreuad
lavidasreuda
lavidasruade
lavidasruaed
lavidasrudae
lavidasrudea
lavidasruead
lavidasrueda
lavidasuader
lavidasuadre
lavidasuaedr
lavidasuaerd
lavidasuarde
lavidasuared
lavidasudaer
lavidasudare
lavidasudear
lavidasudera
lavidasudrae
lavidasudrea
lavidasueadr
lavidasueard
lavidasuedar
lavidasuedra
lavidasuerad
lavidasuerda
lavidasurade
lavidasuraed
lavidasurdae
lavidasurdea
lavidasuread
lavidasureda
lavidauaders
lavidauadesr
lavidauadres
the : answer : is : 42 : 
the : is : 42 : answer : 
the : is : answer : 42 : 
42 : answer : is : the : 
42 : answer : the : is : 
42 : is : answer : the : 
42 : is : the : answer : 
42 : the : answer : is : 
42 : the : is : answer : 
answer : 42 : is : the : 
answer : 42 : the : is : 
answer : is : 42 : the : 
answer : is : the : 42 : 
answer : the : 42 : is : 
answer : the : is : 42 : 
is : 42 : answer : the : 
is : 42 : the : answer : 
is : answer : 42 : the : 
is : answer : the : 42 : 
is : the : 42 : answer : 
is : the : answer : 42 : 
the : 42 : answer : is : 
the : 42 : is : answer : 
the : answer : 42 : is : 
esto : esta : muy : dificil : 
esto : muy : dificil : esta : 
esto : muy : esta : dificil : 
muy : dificil : esta : esto : 
muy : dificil : esto : esta : 
muy : esta : dificil : esto : 
muy : esta : esto : dificil : 
muy : esto : dificil : esta : 
muy : esto : esta : dificil : 
dificil : esta : esto : muy : 
dificil : esta : muy : esto : 
dificil : esto : esta : muy : 
dificil : esto : muy : esta : 
dificil : muy : esta : esto : 
dificil : muy : esto : esta : 
esta : dificil : esto : muy : 
esta : dificil : muy : esto : 
esta : esto : dificil : muy : 
esta : esto : muy : dificil : 
esta : muy : dificil : esto : 
esta : muy : esto : dificil : 
esto : dificil : esta : muy : 
esto : dificil : muy : esta : 
esto : esta : dificil : muy : 
